
-------------------------------------------------------
time 		:20170121-10:25:31(1484965531)
file 		:E:\www\wamp\www\elf-git\elf\app\
request 	:controller\box\xxx\aaController\actiontest
content 	:
TYPE:error 
ERROR:	Class 'Elf\lib\File' not found
FILE: E:\www\wamp\www\elf-git\elf\app\controller\box\xxx\AaController.php
LINE: 36
-------------------------------------------------------

-------------------------------------------------------
time 		:20170121-10:25:52(1484965552)
file 		:E:\www\wamp\www\elf-git\elf\app\
request 	:controller\box\xxx\aaController\actiontest
content 	:
TYPE:error 
ERROR:	Class 'Elf\lib\File' not found
FILE: E:\www\wamp\www\elf-git\elf\app\controller\box\xxx\AaController.php
LINE: 36
-------------------------------------------------------

-------------------------------------------------------
time 		:20170121-10:27:09(1484965629)
file 		:E:\www\wamp\www\elf-git\elf\app\
request 	:controller\box\xxx\aaController\actiontest
content 	:
TYPE:error 
ERROR:	Class 'Elf\lib\File' not found
FILE: E:\www\wamp\www\elf-git\elf\app\controller\box\xxx\AaController.php
LINE: 36
-------------------------------------------------------

-------------------------------------------------------
time 		:20170121-10:30:50(1484965850)
file 		:E:\www\wamp\www\elf-git\elf\app\
request 	:controller\box\xxx\aaController\actiontest
content 	:
TYPE:error 
ERROR:	Class 'Elf\lib\File' not found
FILE: E:\www\wamp\www\elf-git\elf\app\controller\box\xxx\AaController.php
LINE: 37
-------------------------------------------------------

-------------------------------------------------------
time 		:20170121-10:31:34(1484965894)
file 		:E:\www\wamp\www\elf-git\elf\app\
request 	:controller\box\xxx\aaController\actiontest
content 	:
TYPE:error 
ERROR:	dirname() expects exactly 1 parameter, 0 given
FILE: E:\www\wamp\www\elf-git\elf\Elf\Lib\File\File.php
LINE: 11
-------------------------------------------------------

-------------------------------------------------------
time 		:20170121-10:31:58(1484965918)
file 		:E:\www\wamp\www\elf-git\elf\app\
request 	:controller\box\xxx\aaController\actiontest
content 	:
TYPE:error 
ERROR:	Undefined variable: aaa
FILE: E:\www\wamp\www\elf-git\elf\app\controller\box\xxx\AaController.php
LINE: 37
-------------------------------------------------------

-------------------------------------------------------
time 		:20170121-10:42:46(1484966566)
file 		:E:\www\wamp\www\elf-git\elf\app\
request 	:controller\box\xxx\aaController\actiontest
content 	:
TYPE:error 
ERROR:	file_put_contents(E:\www\wamp\www\elf-git\elf\app\data/lala/test.html): failed to open stream: No such file or directory
FILE: E:\www\wamp\www\elf-git\elf\Elf\Lib\File\File.php
LINE: 13
-------------------------------------------------------

-------------------------------------------------------
time 		:20170121-10:44:38(1484966678)
file 		:E:\www\wamp\www\elf-git\elf\app\
request 	:controller\box\xxx\aaController\actiontest
content 	:
TYPE:error 
ERROR:	fopen(E:\www\wamp\www\elf-git\elf\app\data/lala/test.html): failed to open stream: No such file or directory
FILE: E:\www\wamp\www\elf-git\elf\Elf\Lib\File\File.php
LINE: 13
-------------------------------------------------------

-------------------------------------------------------
time 		:20170121-10:59:32(1484967572)
file 		:E:\www\wamp\www\elf-git\elf\app\
request 	:controller\box\xxx\aaController\actiontest
content 	:
TYPE:error 
ERROR:	mkdir(): Invalid argument
FILE: E:\www\wamp\www\elf-git\elf\Elf\Lib\File\File.php
LINE: 21
-------------------------------------------------------
