
-------------------------------------------------------
time 		:20170121-17:09:40(1484989780)
file 		:E:\www\wamp\www\elf-git\elf\app\
request 	:controller\box\xxx\aaController\actiontest
content 	:
TYPE:error 
ERROR:	Division by zero
FILE: E:\www\wamp\www\elf-git\elf\Elf\Lib\Common\Func.php
LINE: 24
-------------------------------------------------------

-------------------------------------------------------
time 		:20170121-17:53:47(1484992427)
file 		:E:\www\wamp\www\elf-git\elf\app\
request 	:controller\box\xxx\aaController\actiontest
content 	:
TYPE:error 
ERROR:	Call to undefined method Elf\Lib\File::scanDirRecursion()
FILE: E:\www\wamp\www\elf-git\elf\app\controller\box\xxx\AaController.php
LINE: 48
-------------------------------------------------------

-------------------------------------------------------
time 		:20170121-17:58:54(1484992734)
file 		:E:\www\wamp\www\elf-git\elf\app\
request 	:controller\box\xxx\aaController\actiontest
content 	:
TYPE:error 
ERROR:	Cannot redeclare Elf\Lib\File::scanDirTree()
FILE: E:\www\wamp\www\elf-git\elf\Elf\Lib\File\File.php
LINE: 119
-------------------------------------------------------
