
-------------------------------------------------------
time 		:20171213-18:03:15(1513159395)
file 		:/Users/zhangxiong/work/www/my/elf/elf/app/
request 	:controller\nba\preprocessController\actionindex
content 	:
ERROR:	SQLSTATE[42000]: Syntax error or access violation: 1064 You have an error in your SQL syntax; check the manual that corresponds to your MySQL server version for the right syntax to use near 'between = ?' at line 1
SQL:	SELECT * FROM nba_match_list WHERE between = :between0
PARAM:	array (
  0 => 
  array (
    'column' => ':between0',
    'value' => 
    array (
      0 => 1393603200,
      1 => 1448899200,
    ),
  ),
)
-------------------------------------------------------

-------------------------------------------------------
time 		:20171213-18:30:25(1513161025)
file 		:/Users/zhangxiong/work/www/my/elf/elf/app/
request 	:controller\nba\preprocessController\actionpower
content 	:
ERROR:	SQLSTATE[42000]: Syntax error or access violation: 1064 You have an error in your SQL syntax; check the manual that corresponds to your MySQL server version for the right syntax to use near 'WHERE host_id = ?' at line 1
SQL:	SELECT * WHERE host_id = :host_id0
PARAM:	array (
  0 => 
  array (
    'column' => ':host_id0',
    'value' => 18,
  ),
)
-------------------------------------------------------

-------------------------------------------------------
time 		:20171213-18:32:16(1513161136)
file 		:/Users/zhangxiong/work/www/my/elf/elf/app/
request 	:controller\nba\preprocessController\actionpower
content 	:
ERROR:	SQLSTATE[42S02]: Base table or view not found: 1146 Table 'nba.nba_nba_list' doesn't exist
SQL:	SELECT * FROM nba_nba_list WHERE host_id = :host_id0 AND match_time < :match_time0
PARAM:	array (
  0 => 
  array (
    'column' => ':host_id0',
    'value' => 18,
  ),
  1 => 
  array (
    'column' => ':match_time0',
    'value' => 1414540800,
  ),
)
-------------------------------------------------------
