
-------------------------------------------------------
time 		:20171213-12:16:37(1513138597)
file 		:/Users/zhangxiong/work/www/my/elf/elf/app/
request 	:controller\lotteryController\actionfile_upload
content 	:
TYPE:exception 
ERROR:	控制器lotteryController找不到方法：actionfile_upload()
FILE: /Users/zhangxiong/work/www/my/elf/elf/Elf/Routing/CoreRouting.php
LINE: 45
TRACE:array (
  0 => 
  array (
    'line' => 89,
    'function' => 'doRouting',
    'file' => '/Users/zhangxiong/work/www/my/elf/elf/Elf/Startup/CoreStartup.php',
    'class' => 'Elf\\Routing\\CoreRouting',
  ),
  1 => 
  array (
    'line' => 73,
    'function' => 'doRouting',
    'file' => '/Users/zhangxiong/work/www/my/elf/elf/Elf/Startup/CoreStartup.php',
    'class' => 'Elf\\StartUp\\CoreStartUp',
  ),
  2 => 
  array (
    'line' => 56,
    'function' => 'exec',
    'file' => '/Users/zhangxiong/work/www/my/elf/elf/web/index_dev.php',
    'class' => 'Elf\\StartUp\\CoreStartUp',
  ),
)
-------------------------------------------------------

-------------------------------------------------------
time 		:20171213-12:16:39(1513138599)
file 		:/Users/zhangxiong/work/www/my/elf/elf/app/
request 	:controller\lotteryController\actiontable_list
content 	:
TYPE:exception 
ERROR:	控制器lotteryController找不到方法：actiontable_list()
FILE: /Users/zhangxiong/work/www/my/elf/elf/Elf/Routing/CoreRouting.php
LINE: 45
TRACE:array (
  0 => 
  array (
    'line' => 89,
    'function' => 'doRouting',
    'file' => '/Users/zhangxiong/work/www/my/elf/elf/Elf/Startup/CoreStartup.php',
    'class' => 'Elf\\Routing\\CoreRouting',
  ),
  1 => 
  array (
    'line' => 73,
    'function' => 'doRouting',
    'file' => '/Users/zhangxiong/work/www/my/elf/elf/Elf/Startup/CoreStartup.php',
    'class' => 'Elf\\StartUp\\CoreStartUp',
  ),
  2 => 
  array (
    'line' => 56,
    'function' => 'exec',
    'file' => '/Users/zhangxiong/work/www/my/elf/elf/web/index_dev.php',
    'class' => 'Elf\\StartUp\\CoreStartUp',
  ),
)
-------------------------------------------------------

-------------------------------------------------------
time 		:20171213-12:16:52(1513138612)
file 		:/Users/zhangxiong/work/www/my/elf/elf/app/
request 	:controller\lotteryController\actionextra_profile
content 	:
TYPE:exception 
ERROR:	控制器lotteryController找不到方法：actionextra_profile()
FILE: /Users/zhangxiong/work/www/my/elf/elf/Elf/Routing/CoreRouting.php
LINE: 45
TRACE:array (
  0 => 
  array (
    'line' => 89,
    'function' => 'doRouting',
    'file' => '/Users/zhangxiong/work/www/my/elf/elf/Elf/Startup/CoreStartup.php',
    'class' => 'Elf\\Routing\\CoreRouting',
  ),
  1 => 
  array (
    'line' => 73,
    'function' => 'doRouting',
    'file' => '/Users/zhangxiong/work/www/my/elf/elf/Elf/Startup/CoreStartup.php',
    'class' => 'Elf\\StartUp\\CoreStartUp',
  ),
  2 => 
  array (
    'line' => 56,
    'function' => 'exec',
    'file' => '/Users/zhangxiong/work/www/my/elf/elf/web/index_dev.php',
    'class' => 'Elf\\StartUp\\CoreStartUp',
  ),
)
-------------------------------------------------------

-------------------------------------------------------
time 		:20171213-12:27:24(1513139244)
file 		:/Users/zhangxiong/work/www/my/elf/elf/app/
request 	:controller\lotteryController\actionindex_extended
content 	:
TYPE:exception 
ERROR:	控制器lotteryController找不到方法：actionindex_extended()
FILE: /Users/zhangxiong/work/www/my/elf/elf/Elf/Routing/CoreRouting.php
LINE: 45
TRACE:array (
  0 => 
  array (
    'line' => 89,
    'function' => 'doRouting',
    'file' => '/Users/zhangxiong/work/www/my/elf/elf/Elf/Startup/CoreStartup.php',
    'class' => 'Elf\\Routing\\CoreRouting',
  ),
  1 => 
  array (
    'line' => 73,
    'function' => 'doRouting',
    'file' => '/Users/zhangxiong/work/www/my/elf/elf/Elf/Startup/CoreStartup.php',
    'class' => 'Elf\\StartUp\\CoreStartUp',
  ),
  2 => 
  array (
    'line' => 56,
    'function' => 'exec',
    'file' => '/Users/zhangxiong/work/www/my/elf/elf/web/index_dev.php',
    'class' => 'Elf\\StartUp\\CoreStartUp',
  ),
)
-------------------------------------------------------
