
-------------------------------------------------------
time 		:20170810-16:02:23(1502352143)
file 		:/Users/zhangxiong/work/www/my/elf/elf/app/
request 	:controller/boxController\actionxxx
content 	:
TYPE:exception 
ERROR:	Class app\controller/boxController does not exist
FILE: /Users/zhangxiong/work/www/my/elf/elf/Elf/Routing/CoreRouting.php
LINE: 27
TRACE:array (
  0 => 
  array (
    'line' => 27,
    'function' => '__construct',
    'file' => '/Users/zhangxiong/work/www/my/elf/elf/Elf/Routing/CoreRouting.php',
    'class' => 'ReflectionClass',
  ),
  1 => 
  array (
    'line' => 89,
    'function' => 'doRouting',
    'file' => '/Users/zhangxiong/work/www/my/elf/elf/Elf/Startup/CoreStartup.php',
    'class' => 'Elf\\Routing\\CoreRouting',
  ),
  2 => 
  array (
    'line' => 73,
    'function' => 'doRouting',
    'file' => '/Users/zhangxiong/work/www/my/elf/elf/Elf/Startup/CoreStartup.php',
    'class' => 'Elf\\StartUp\\CoreStartUp',
  ),
  3 => 
  array (
    'line' => 54,
    'function' => 'exec',
    'file' => '/Users/zhangxiong/work/www/my/elf/elf/web/index_dev.php',
    'class' => 'Elf\\StartUp\\CoreStartUp',
  ),
)
-------------------------------------------------------

-------------------------------------------------------
time 		:20170810-16:03:27(1502352207)
file 		:/Users/zhangxiong/work/www/my/elf/elf/app/
request 	:controller/boxController\actionxxx
content 	:
TYPE:exception 
ERROR:	Class app\controller/boxController does not exist
FILE: /Users/zhangxiong/work/www/my/elf/elf/Elf/Routing/CoreRouting.php
LINE: 27
TRACE:array (
  0 => 
  array (
    'line' => 27,
    'function' => '__construct',
    'file' => '/Users/zhangxiong/work/www/my/elf/elf/Elf/Routing/CoreRouting.php',
    'class' => 'ReflectionClass',
  ),
  1 => 
  array (
    'line' => 89,
    'function' => 'doRouting',
    'file' => '/Users/zhangxiong/work/www/my/elf/elf/Elf/Startup/CoreStartup.php',
    'class' => 'Elf\\Routing\\CoreRouting',
  ),
  2 => 
  array (
    'line' => 73,
    'function' => 'doRouting',
    'file' => '/Users/zhangxiong/work/www/my/elf/elf/Elf/Startup/CoreStartup.php',
    'class' => 'Elf\\StartUp\\CoreStartUp',
  ),
  3 => 
  array (
    'line' => 54,
    'function' => 'exec',
    'file' => '/Users/zhangxiong/work/www/my/elf/elf/web/index_dev.php',
    'class' => 'Elf\\StartUp\\CoreStartUp',
  ),
)
-------------------------------------------------------

-------------------------------------------------------
time 		:20170810-16:03:37(1502352217)
file 		:/Users/zhangxiong/work/www/my/elf/elf/app/
request 	:controller\boxController\actionxxx
content 	:
TYPE:exception 
ERROR:	Class app\controller\boxController does not exist
FILE: /Users/zhangxiong/work/www/my/elf/elf/Elf/Routing/CoreRouting.php
LINE: 27
TRACE:array (
  0 => 
  array (
    'line' => 27,
    'function' => '__construct',
    'file' => '/Users/zhangxiong/work/www/my/elf/elf/Elf/Routing/CoreRouting.php',
    'class' => 'ReflectionClass',
  ),
  1 => 
  array (
    'line' => 89,
    'function' => 'doRouting',
    'file' => '/Users/zhangxiong/work/www/my/elf/elf/Elf/Startup/CoreStartup.php',
    'class' => 'Elf\\Routing\\CoreRouting',
  ),
  2 => 
  array (
    'line' => 73,
    'function' => 'doRouting',
    'file' => '/Users/zhangxiong/work/www/my/elf/elf/Elf/Startup/CoreStartup.php',
    'class' => 'Elf\\StartUp\\CoreStartUp',
  ),
  3 => 
  array (
    'line' => 54,
    'function' => 'exec',
    'file' => '/Users/zhangxiong/work/www/my/elf/elf/web/index_dev.php',
    'class' => 'Elf\\StartUp\\CoreStartUp',
  ),
)
-------------------------------------------------------

-------------------------------------------------------
time 		:20170810-16:05:36(1502352336)
file 		:/Users/zhangxiong/work/www/my/elf/elf/app/
request 	:controller/boxController\actionxxx
content 	:
TYPE:exception 
ERROR:	Class app\controller/boxController does not exist
FILE: /Users/zhangxiong/work/www/my/elf/elf/Elf/Routing/CoreRouting.php
LINE: 27
TRACE:array (
  0 => 
  array (
    'line' => 27,
    'function' => '__construct',
    'file' => '/Users/zhangxiong/work/www/my/elf/elf/Elf/Routing/CoreRouting.php',
    'class' => 'ReflectionClass',
  ),
  1 => 
  array (
    'line' => 89,
    'function' => 'doRouting',
    'file' => '/Users/zhangxiong/work/www/my/elf/elf/Elf/Startup/CoreStartup.php',
    'class' => 'Elf\\Routing\\CoreRouting',
  ),
  2 => 
  array (
    'line' => 73,
    'function' => 'doRouting',
    'file' => '/Users/zhangxiong/work/www/my/elf/elf/Elf/Startup/CoreStartup.php',
    'class' => 'Elf\\StartUp\\CoreStartUp',
  ),
  3 => 
  array (
    'line' => 54,
    'function' => 'exec',
    'file' => '/Users/zhangxiong/work/www/my/elf/elf/web/index_dev.php',
    'class' => 'Elf\\StartUp\\CoreStartUp',
  ),
)
-------------------------------------------------------

-------------------------------------------------------
time 		:20170810-16:05:43(1502352343)
file 		:/Users/zhangxiong/work/www/my/elf/elf/app/
request 	:controller/boxController\actionxxx
content 	:
TYPE:exception 
ERROR:	Class app\controller/boxController does not exist
FILE: /Users/zhangxiong/work/www/my/elf/elf/Elf/Routing/CoreRouting.php
LINE: 27
TRACE:array (
  0 => 
  array (
    'line' => 27,
    'function' => '__construct',
    'file' => '/Users/zhangxiong/work/www/my/elf/elf/Elf/Routing/CoreRouting.php',
    'class' => 'ReflectionClass',
  ),
  1 => 
  array (
    'line' => 89,
    'function' => 'doRouting',
    'file' => '/Users/zhangxiong/work/www/my/elf/elf/Elf/Startup/CoreStartup.php',
    'class' => 'Elf\\Routing\\CoreRouting',
  ),
  2 => 
  array (
    'line' => 73,
    'function' => 'doRouting',
    'file' => '/Users/zhangxiong/work/www/my/elf/elf/Elf/Startup/CoreStartup.php',
    'class' => 'Elf\\StartUp\\CoreStartUp',
  ),
  3 => 
  array (
    'line' => 54,
    'function' => 'exec',
    'file' => '/Users/zhangxiong/work/www/my/elf/elf/web/index_dev.php',
    'class' => 'Elf\\StartUp\\CoreStartUp',
  ),
)
-------------------------------------------------------

-------------------------------------------------------
time 		:20170810-16:06:06(1502352366)
file 		:/Users/zhangxiong/work/www/my/elf/elf/app/
request 	:controller/boxController\actionxxx
content 	:
TYPE:exception 
ERROR:	Class app/controller/appController does not exist
FILE: /Users/zhangxiong/work/www/my/elf/elf/Elf/Routing/CoreRouting.php
LINE: 27
TRACE:array (
  0 => 
  array (
    'line' => 27,
    'function' => '__construct',
    'file' => '/Users/zhangxiong/work/www/my/elf/elf/Elf/Routing/CoreRouting.php',
    'class' => 'ReflectionClass',
  ),
  1 => 
  array (
    'line' => 89,
    'function' => 'doRouting',
    'file' => '/Users/zhangxiong/work/www/my/elf/elf/Elf/Startup/CoreStartup.php',
    'class' => 'Elf\\Routing\\CoreRouting',
  ),
  2 => 
  array (
    'line' => 73,
    'function' => 'doRouting',
    'file' => '/Users/zhangxiong/work/www/my/elf/elf/Elf/Startup/CoreStartup.php',
    'class' => 'Elf\\StartUp\\CoreStartUp',
  ),
  3 => 
  array (
    'line' => 54,
    'function' => 'exec',
    'file' => '/Users/zhangxiong/work/www/my/elf/elf/web/index_dev.php',
    'class' => 'Elf\\StartUp\\CoreStartUp',
  ),
)
-------------------------------------------------------

-------------------------------------------------------
time 		:20170810-16:07:33(1502352453)
file 		:/Users/zhangxiong/work/www/my/elf/elf/app/
request 	:controller/boxController\actionxxx
content 	:
TYPE:exception 
ERROR:	Class app\controller/boxController does not exist
FILE: /Users/zhangxiong/work/www/my/elf/elf/Elf/Routing/CoreRouting.php
LINE: 27
TRACE:array (
  0 => 
  array (
    'line' => 27,
    'function' => '__construct',
    'file' => '/Users/zhangxiong/work/www/my/elf/elf/Elf/Routing/CoreRouting.php',
    'class' => 'ReflectionClass',
  ),
  1 => 
  array (
    'line' => 89,
    'function' => 'doRouting',
    'file' => '/Users/zhangxiong/work/www/my/elf/elf/Elf/Startup/CoreStartup.php',
    'class' => 'Elf\\Routing\\CoreRouting',
  ),
  2 => 
  array (
    'line' => 73,
    'function' => 'doRouting',
    'file' => '/Users/zhangxiong/work/www/my/elf/elf/Elf/Startup/CoreStartup.php',
    'class' => 'Elf\\StartUp\\CoreStartUp',
  ),
  3 => 
  array (
    'line' => 54,
    'function' => 'exec',
    'file' => '/Users/zhangxiong/work/www/my/elf/elf/web/index_dev.php',
    'class' => 'Elf\\StartUp\\CoreStartUp',
  ),
)
-------------------------------------------------------

-------------------------------------------------------
time 		:20170810-16:07:48(1502352468)
file 		:/Users/zhangxiong/work/www/my/elf/elf/app/
request 	:controller/boxController\actionxxx
content 	:
TYPE:exception 
ERROR:	Class app\controller/boxController does not exist
FILE: /Users/zhangxiong/work/www/my/elf/elf/Elf/Routing/CoreRouting.php
LINE: 27
TRACE:array (
  0 => 
  array (
    'line' => 27,
    'function' => '__construct',
    'file' => '/Users/zhangxiong/work/www/my/elf/elf/Elf/Routing/CoreRouting.php',
    'class' => 'ReflectionClass',
  ),
  1 => 
  array (
    'line' => 89,
    'function' => 'doRouting',
    'file' => '/Users/zhangxiong/work/www/my/elf/elf/Elf/Startup/CoreStartup.php',
    'class' => 'Elf\\Routing\\CoreRouting',
  ),
  2 => 
  array (
    'line' => 73,
    'function' => 'doRouting',
    'file' => '/Users/zhangxiong/work/www/my/elf/elf/Elf/Startup/CoreStartup.php',
    'class' => 'Elf\\StartUp\\CoreStartUp',
  ),
  3 => 
  array (
    'line' => 54,
    'function' => 'exec',
    'file' => '/Users/zhangxiong/work/www/my/elf/elf/web/index_dev.php',
    'class' => 'Elf\\StartUp\\CoreStartUp',
  ),
)
-------------------------------------------------------

-------------------------------------------------------
time 		:20170810-16:08:55(1502352535)
file 		:/Users/zhangxiong/work/www/my/elf/elf/app/
request 	:controller/boxController\actionxxx
content 	:
TYPE:exception 
ERROR:	Class app\controller/boxController does not exist
FILE: /Users/zhangxiong/work/www/my/elf/elf/Elf/Routing/CoreRouting.php
LINE: 27
TRACE:array (
  0 => 
  array (
    'line' => 27,
    'function' => '__construct',
    'file' => '/Users/zhangxiong/work/www/my/elf/elf/Elf/Routing/CoreRouting.php',
    'class' => 'ReflectionClass',
  ),
  1 => 
  array (
    'line' => 89,
    'function' => 'doRouting',
    'file' => '/Users/zhangxiong/work/www/my/elf/elf/Elf/Startup/CoreStartup.php',
    'class' => 'Elf\\Routing\\CoreRouting',
  ),
  2 => 
  array (
    'line' => 73,
    'function' => 'doRouting',
    'file' => '/Users/zhangxiong/work/www/my/elf/elf/Elf/Startup/CoreStartup.php',
    'class' => 'Elf\\StartUp\\CoreStartUp',
  ),
  3 => 
  array (
    'line' => 54,
    'function' => 'exec',
    'file' => '/Users/zhangxiong/work/www/my/elf/elf/web/index_dev.php',
    'class' => 'Elf\\StartUp\\CoreStartUp',
  ),
)
-------------------------------------------------------

-------------------------------------------------------
time 		:20170810-16:16:01(1502352961)
file 		:/Users/zhangxiong/work/www/my/elf/elf/app/
request 	:controller/appController\actiontest
content 	:
TYPE:exception 
ERROR:	Class app\controller/appController does not exist
FILE: /Users/zhangxiong/work/www/my/elf/elf/Elf/Routing/CoreRouting.php
LINE: 27
TRACE:array (
  0 => 
  array (
    'line' => 27,
    'function' => '__construct',
    'file' => '/Users/zhangxiong/work/www/my/elf/elf/Elf/Routing/CoreRouting.php',
    'class' => 'ReflectionClass',
  ),
  1 => 
  array (
    'line' => 89,
    'function' => 'doRouting',
    'file' => '/Users/zhangxiong/work/www/my/elf/elf/Elf/Startup/CoreStartup.php',
    'class' => 'Elf\\Routing\\CoreRouting',
  ),
  2 => 
  array (
    'line' => 73,
    'function' => 'doRouting',
    'file' => '/Users/zhangxiong/work/www/my/elf/elf/Elf/Startup/CoreStartup.php',
    'class' => 'Elf\\StartUp\\CoreStartUp',
  ),
  3 => 
  array (
    'line' => 54,
    'function' => 'exec',
    'file' => '/Users/zhangxiong/work/www/my/elf/elf/web/index_dev.php',
    'class' => 'Elf\\StartUp\\CoreStartUp',
  ),
)
-------------------------------------------------------

-------------------------------------------------------
time 		:20170810-16:17:00(1502353020)
file 		:/Users/zhangxiong/work/www/my/elf/elf/app/
request 	:controller/appController\actiontest
content 	:
TYPE:error 
ERROR:	Class 'Elf\Routing\appController' not found
FILE: /Users/zhangxiong/work/www/my/elf/elf/Elf/Routing/CoreRouting.php
LINE: 26
-------------------------------------------------------

-------------------------------------------------------
time 		:20170810-16:17:22(1502353042)
file 		:/Users/zhangxiong/work/www/my/elf/elf/app/
request 	:controller/appController\actiontest
content 	:
TYPE:error 
ERROR:	Class 'Elf\Routing\app\controller\appController' not found
FILE: /Users/zhangxiong/work/www/my/elf/elf/Elf/Routing/CoreRouting.php
LINE: 26
-------------------------------------------------------

-------------------------------------------------------
time 		:20170810-16:17:27(1502353047)
file 		:/Users/zhangxiong/work/www/my/elf/elf/app/
request 	:controller/appController\actiontest
content 	:
TYPE:error 
ERROR:	Class 'app\controller\appController' not found
FILE: /Users/zhangxiong/work/www/my/elf/elf/Elf/Routing/CoreRouting.php
LINE: 26
-------------------------------------------------------

-------------------------------------------------------
time 		:20170810-16:17:42(1502353062)
file 		:/Users/zhangxiong/work/www/my/elf/elf/app/
request 	:controller/appController\actiontest
content 	:
TYPE:error 
ERROR:	Class 'app\controller\AppController' not found
FILE: /Users/zhangxiong/work/www/my/elf/elf/Elf/Routing/CoreRouting.php
LINE: 26
-------------------------------------------------------

-------------------------------------------------------
time 		:20170810-16:17:54(1502353074)
file 		:/Users/zhangxiong/work/www/my/elf/elf/app/
request 	:controller/appController\actiontest
content 	:
TYPE:error 
ERROR:	Class 'app\controller\AppController' not found
FILE: /Users/zhangxiong/work/www/my/elf/elf/Elf/Routing/CoreRouting.php
LINE: 26
-------------------------------------------------------

-------------------------------------------------------
time 		:20170810-16:21:48(1502353308)
file 		:/Users/zhangxiong/work/www/my/elf/elf/app/
request 	:controller/appController\actiontest
content 	:
TYPE:exception 
ERROR:	Class app\controller/appController does not exist
FILE: /Users/zhangxiong/work/www/my/elf/elf/Elf/Routing/CoreRouting.php
LINE: 27
TRACE:array (
  0 => 
  array (
    'line' => 27,
    'function' => '__construct',
    'file' => '/Users/zhangxiong/work/www/my/elf/elf/Elf/Routing/CoreRouting.php',
    'class' => 'ReflectionClass',
  ),
  1 => 
  array (
    'line' => 89,
    'function' => 'doRouting',
    'file' => '/Users/zhangxiong/work/www/my/elf/elf/Elf/Startup/CoreStartup.php',
    'class' => 'Elf\\Routing\\CoreRouting',
  ),
  2 => 
  array (
    'line' => 73,
    'function' => 'doRouting',
    'file' => '/Users/zhangxiong/work/www/my/elf/elf/Elf/Startup/CoreStartup.php',
    'class' => 'Elf\\StartUp\\CoreStartUp',
  ),
  3 => 
  array (
    'line' => 54,
    'function' => 'exec',
    'file' => '/Users/zhangxiong/work/www/my/elf/elf/web/index_dev.php',
    'class' => 'Elf\\StartUp\\CoreStartUp',
  ),
)
-------------------------------------------------------

-------------------------------------------------------
time 		:20170810-16:22:07(1502353327)
file 		:/Users/zhangxiong/work/www/my/elf/elf/app/
request 	:controller/appController\actiontest
content 	:
TYPE:exception 
ERROR:	Class app\controller/appController does not exist
FILE: /Users/zhangxiong/work/www/my/elf/elf/Elf/Routing/CoreRouting.php
LINE: 27
TRACE:array (
  0 => 
  array (
    'line' => 27,
    'function' => '__construct',
    'file' => '/Users/zhangxiong/work/www/my/elf/elf/Elf/Routing/CoreRouting.php',
    'class' => 'ReflectionClass',
  ),
  1 => 
  array (
    'line' => 89,
    'function' => 'doRouting',
    'file' => '/Users/zhangxiong/work/www/my/elf/elf/Elf/Startup/CoreStartup.php',
    'class' => 'Elf\\Routing\\CoreRouting',
  ),
  2 => 
  array (
    'line' => 73,
    'function' => 'doRouting',
    'file' => '/Users/zhangxiong/work/www/my/elf/elf/Elf/Startup/CoreStartup.php',
    'class' => 'Elf\\StartUp\\CoreStartUp',
  ),
  3 => 
  array (
    'line' => 54,
    'function' => 'exec',
    'file' => '/Users/zhangxiong/work/www/my/elf/elf/web/index_dev.php',
    'class' => 'Elf\\StartUp\\CoreStartUp',
  ),
)
-------------------------------------------------------

-------------------------------------------------------
time 		:20170810-16:22:36(1502353356)
file 		:/Users/zhangxiong/work/www/my/elf/elf/app/
request 	:controller/appController\actiontest
content 	:
TYPE:exception 
ERROR:	Class app\controller/appController does not exist
FILE: /Users/zhangxiong/work/www/my/elf/elf/Elf/Routing/CoreRouting.php
LINE: 27
TRACE:array (
  0 => 
  array (
    'line' => 27,
    'function' => '__construct',
    'file' => '/Users/zhangxiong/work/www/my/elf/elf/Elf/Routing/CoreRouting.php',
    'class' => 'ReflectionClass',
  ),
  1 => 
  array (
    'line' => 89,
    'function' => 'doRouting',
    'file' => '/Users/zhangxiong/work/www/my/elf/elf/Elf/Startup/CoreStartup.php',
    'class' => 'Elf\\Routing\\CoreRouting',
  ),
  2 => 
  array (
    'line' => 73,
    'function' => 'doRouting',
    'file' => '/Users/zhangxiong/work/www/my/elf/elf/Elf/Startup/CoreStartup.php',
    'class' => 'Elf\\StartUp\\CoreStartUp',
  ),
  3 => 
  array (
    'line' => 54,
    'function' => 'exec',
    'file' => '/Users/zhangxiong/work/www/my/elf/elf/web/index_dev.php',
    'class' => 'Elf\\StartUp\\CoreStartUp',
  ),
)
-------------------------------------------------------

-------------------------------------------------------
time 		:20170810-16:22:50(1502353370)
file 		:/Users/zhangxiong/work/www/my/elf/elf/app/
request 	:controller/appController\actiontest
content 	:
TYPE:exception 
ERROR:	Class app\controller/appController does not exist
FILE: /Users/zhangxiong/work/www/my/elf/elf/Elf/Routing/CoreRouting.php
LINE: 27
TRACE:array (
  0 => 
  array (
    'line' => 27,
    'function' => '__construct',
    'file' => '/Users/zhangxiong/work/www/my/elf/elf/Elf/Routing/CoreRouting.php',
    'class' => 'ReflectionClass',
  ),
  1 => 
  array (
    'line' => 89,
    'function' => 'doRouting',
    'file' => '/Users/zhangxiong/work/www/my/elf/elf/Elf/Startup/CoreStartup.php',
    'class' => 'Elf\\Routing\\CoreRouting',
  ),
  2 => 
  array (
    'line' => 73,
    'function' => 'doRouting',
    'file' => '/Users/zhangxiong/work/www/my/elf/elf/Elf/Startup/CoreStartup.php',
    'class' => 'Elf\\StartUp\\CoreStartUp',
  ),
  3 => 
  array (
    'line' => 54,
    'function' => 'exec',
    'file' => '/Users/zhangxiong/work/www/my/elf/elf/web/index_dev.php',
    'class' => 'Elf\\StartUp\\CoreStartUp',
  ),
)
-------------------------------------------------------

-------------------------------------------------------
time 		:20170810-16:23:08(1502353388)
file 		:/Users/zhangxiong/work/www/my/elf/elf/app/
request 	:controller/appController\actiontest
content 	:
TYPE:exception 
ERROR:	Class app\controller/appController does not exist
FILE: /Users/zhangxiong/work/www/my/elf/elf/Elf/Routing/CoreRouting.php
LINE: 27
TRACE:array (
  0 => 
  array (
    'line' => 27,
    'function' => '__construct',
    'file' => '/Users/zhangxiong/work/www/my/elf/elf/Elf/Routing/CoreRouting.php',
    'class' => 'ReflectionClass',
  ),
  1 => 
  array (
    'line' => 89,
    'function' => 'doRouting',
    'file' => '/Users/zhangxiong/work/www/my/elf/elf/Elf/Startup/CoreStartup.php',
    'class' => 'Elf\\Routing\\CoreRouting',
  ),
  2 => 
  array (
    'line' => 73,
    'function' => 'doRouting',
    'file' => '/Users/zhangxiong/work/www/my/elf/elf/Elf/Startup/CoreStartup.php',
    'class' => 'Elf\\StartUp\\CoreStartUp',
  ),
  3 => 
  array (
    'line' => 54,
    'function' => 'exec',
    'file' => '/Users/zhangxiong/work/www/my/elf/elf/web/index_dev.php',
    'class' => 'Elf\\StartUp\\CoreStartUp',
  ),
)
-------------------------------------------------------

-------------------------------------------------------
time 		:20170810-16:28:58(1502353738)
file 		:/Users/zhangxiong/work/www/my/elf/elf/app/
request 	:controller/appController\actiontest
content 	:
TYPE:exception 
ERROR:	Class app\controller/appController does not exist
FILE: /Users/zhangxiong/work/www/my/elf/elf/Elf/Routing/CoreRouting.php
LINE: 27
TRACE:array (
  0 => 
  array (
    'line' => 27,
    'function' => '__construct',
    'file' => '/Users/zhangxiong/work/www/my/elf/elf/Elf/Routing/CoreRouting.php',
    'class' => 'ReflectionClass',
  ),
  1 => 
  array (
    'line' => 89,
    'function' => 'doRouting',
    'file' => '/Users/zhangxiong/work/www/my/elf/elf/Elf/Startup/CoreStartup.php',
    'class' => 'Elf\\Routing\\CoreRouting',
  ),
  2 => 
  array (
    'line' => 73,
    'function' => 'doRouting',
    'file' => '/Users/zhangxiong/work/www/my/elf/elf/Elf/Startup/CoreStartup.php',
    'class' => 'Elf\\StartUp\\CoreStartUp',
  ),
  3 => 
  array (
    'line' => 54,
    'function' => 'exec',
    'file' => '/Users/zhangxiong/work/www/my/elf/elf/web/index_dev.php',
    'class' => 'Elf\\StartUp\\CoreStartUp',
  ),
)
-------------------------------------------------------

-------------------------------------------------------
time 		:20170810-16:30:42(1502353842)
file 		:/Users/zhangxiong/work/www/my/elf/elf/app/
request 	:controller/appController\actiontest
content 	:
TYPE:exception 
ERROR:	Class aa/bbb does not exist
FILE: /Users/zhangxiong/work/www/my/elf/elf/Elf/Routing/CoreRouting.php
LINE: 27
TRACE:array (
  0 => 
  array (
    'line' => 27,
    'function' => '__construct',
    'file' => '/Users/zhangxiong/work/www/my/elf/elf/Elf/Routing/CoreRouting.php',
    'class' => 'ReflectionClass',
  ),
  1 => 
  array (
    'line' => 89,
    'function' => 'doRouting',
    'file' => '/Users/zhangxiong/work/www/my/elf/elf/Elf/Startup/CoreStartup.php',
    'class' => 'Elf\\Routing\\CoreRouting',
  ),
  2 => 
  array (
    'line' => 73,
    'function' => 'doRouting',
    'file' => '/Users/zhangxiong/work/www/my/elf/elf/Elf/Startup/CoreStartup.php',
    'class' => 'Elf\\StartUp\\CoreStartUp',
  ),
  3 => 
  array (
    'line' => 54,
    'function' => 'exec',
    'file' => '/Users/zhangxiong/work/www/my/elf/elf/web/index_dev.php',
    'class' => 'Elf\\StartUp\\CoreStartUp',
  ),
)
-------------------------------------------------------

-------------------------------------------------------
time 		:20170810-16:31:19(1502353879)
file 		:/Users/zhangxiong/work/www/my/elf/elf/app/
request 	:controller/appController\actiontest
content 	:
TYPE:exception 
ERROR:	Class aa/bbb does not exist
FILE: /Users/zhangxiong/work/www/my/elf/elf/Elf/Routing/CoreRouting.php
LINE: 27
TRACE:array (
  0 => 
  array (
    'line' => 27,
    'function' => '__construct',
    'file' => '/Users/zhangxiong/work/www/my/elf/elf/Elf/Routing/CoreRouting.php',
    'class' => 'ReflectionClass',
  ),
  1 => 
  array (
    'line' => 89,
    'function' => 'doRouting',
    'file' => '/Users/zhangxiong/work/www/my/elf/elf/Elf/Startup/CoreStartup.php',
    'class' => 'Elf\\Routing\\CoreRouting',
  ),
  2 => 
  array (
    'line' => 73,
    'function' => 'doRouting',
    'file' => '/Users/zhangxiong/work/www/my/elf/elf/Elf/Startup/CoreStartup.php',
    'class' => 'Elf\\StartUp\\CoreStartUp',
  ),
  3 => 
  array (
    'line' => 54,
    'function' => 'exec',
    'file' => '/Users/zhangxiong/work/www/my/elf/elf/web/index_dev.php',
    'class' => 'Elf\\StartUp\\CoreStartUp',
  ),
)
-------------------------------------------------------

-------------------------------------------------------
time 		:20170810-16:33:21(1502354001)
file 		:/Users/zhangxiong/work/www/my/elf/elf/app/
request 	:controller/appController\actiontest
content 	:
TYPE:exception 
ERROR:	Class aa/bbb does not exist
FILE: /Users/zhangxiong/work/www/my/elf/elf/Elf/Routing/CoreRouting.php
LINE: 27
TRACE:array (
  0 => 
  array (
    'line' => 27,
    'function' => '__construct',
    'file' => '/Users/zhangxiong/work/www/my/elf/elf/Elf/Routing/CoreRouting.php',
    'class' => 'ReflectionClass',
  ),
  1 => 
  array (
    'line' => 89,
    'function' => 'doRouting',
    'file' => '/Users/zhangxiong/work/www/my/elf/elf/Elf/Startup/CoreStartup.php',
    'class' => 'Elf\\Routing\\CoreRouting',
  ),
  2 => 
  array (
    'line' => 73,
    'function' => 'doRouting',
    'file' => '/Users/zhangxiong/work/www/my/elf/elf/Elf/Startup/CoreStartup.php',
    'class' => 'Elf\\StartUp\\CoreStartUp',
  ),
  3 => 
  array (
    'line' => 54,
    'function' => 'exec',
    'file' => '/Users/zhangxiong/work/www/my/elf/elf/web/index_dev.php',
    'class' => 'Elf\\StartUp\\CoreStartUp',
  ),
)
-------------------------------------------------------

-------------------------------------------------------
time 		:20170810-16:33:42(1502354022)
file 		:/Users/zhangxiong/work/www/my/elf/elf/app/
request 	:controller/appController\actiontest
content 	:
TYPE:exception 
ERROR:	Class aa/bbb does not exist
FILE: /Users/zhangxiong/work/www/my/elf/elf/Elf/Routing/CoreRouting.php
LINE: 27
TRACE:array (
  0 => 
  array (
    'line' => 27,
    'function' => '__construct',
    'file' => '/Users/zhangxiong/work/www/my/elf/elf/Elf/Routing/CoreRouting.php',
    'class' => 'ReflectionClass',
  ),
  1 => 
  array (
    'line' => 89,
    'function' => 'doRouting',
    'file' => '/Users/zhangxiong/work/www/my/elf/elf/Elf/Startup/CoreStartup.php',
    'class' => 'Elf\\Routing\\CoreRouting',
  ),
  2 => 
  array (
    'line' => 73,
    'function' => 'doRouting',
    'file' => '/Users/zhangxiong/work/www/my/elf/elf/Elf/Startup/CoreStartup.php',
    'class' => 'Elf\\StartUp\\CoreStartUp',
  ),
  3 => 
  array (
    'line' => 54,
    'function' => 'exec',
    'file' => '/Users/zhangxiong/work/www/my/elf/elf/web/index_dev.php',
    'class' => 'Elf\\StartUp\\CoreStartUp',
  ),
)
-------------------------------------------------------

-------------------------------------------------------
time 		:20170810-16:36:54(1502354214)
file 		:/Users/zhangxiong/work/www/my/elf/elf/app/
request 	:controller/appController\actiontest
content 	:
TYPE:exception 
ERROR:	Class app\controller/appController does not exist
FILE: /Users/zhangxiong/work/www/my/elf/elf/Elf/Routing/CoreRouting.php
LINE: 27
TRACE:array (
  0 => 
  array (
    'line' => 27,
    'function' => '__construct',
    'file' => '/Users/zhangxiong/work/www/my/elf/elf/Elf/Routing/CoreRouting.php',
    'class' => 'ReflectionClass',
  ),
  1 => 
  array (
    'line' => 89,
    'function' => 'doRouting',
    'file' => '/Users/zhangxiong/work/www/my/elf/elf/Elf/Startup/CoreStartup.php',
    'class' => 'Elf\\Routing\\CoreRouting',
  ),
  2 => 
  array (
    'line' => 73,
    'function' => 'doRouting',
    'file' => '/Users/zhangxiong/work/www/my/elf/elf/Elf/Startup/CoreStartup.php',
    'class' => 'Elf\\StartUp\\CoreStartUp',
  ),
  3 => 
  array (
    'line' => 54,
    'function' => 'exec',
    'file' => '/Users/zhangxiong/work/www/my/elf/elf/web/index_dev.php',
    'class' => 'Elf\\StartUp\\CoreStartUp',
  ),
)
-------------------------------------------------------

-------------------------------------------------------
time 		:20170810-16:37:16(1502354236)
file 		:/Users/zhangxiong/work/www/my/elf/elf/app/
request 	:controller/appController\actiontest
content 	:
TYPE:exception 
ERROR:	Class app\controller\appController does not exist
FILE: /Users/zhangxiong/work/www/my/elf/elf/Elf/Routing/CoreRouting.php
LINE: 27
TRACE:array (
  0 => 
  array (
    'line' => 27,
    'function' => '__construct',
    'file' => '/Users/zhangxiong/work/www/my/elf/elf/Elf/Routing/CoreRouting.php',
    'class' => 'ReflectionClass',
  ),
  1 => 
  array (
    'line' => 89,
    'function' => 'doRouting',
    'file' => '/Users/zhangxiong/work/www/my/elf/elf/Elf/Startup/CoreStartup.php',
    'class' => 'Elf\\Routing\\CoreRouting',
  ),
  2 => 
  array (
    'line' => 73,
    'function' => 'doRouting',
    'file' => '/Users/zhangxiong/work/www/my/elf/elf/Elf/Startup/CoreStartup.php',
    'class' => 'Elf\\StartUp\\CoreStartUp',
  ),
  3 => 
  array (
    'line' => 54,
    'function' => 'exec',
    'file' => '/Users/zhangxiong/work/www/my/elf/elf/web/index_dev.php',
    'class' => 'Elf\\StartUp\\CoreStartUp',
  ),
)
-------------------------------------------------------

-------------------------------------------------------
time 		:20170810-16:50:48(1502355048)
file 		:/Users/zhangxiong/work/www/my/elf/elf/app/
request 	:controller/appController\actionindex
content 	:
TYPE:exception 
ERROR:	控制器appController找不到方法：actionindex()
FILE: /Users/zhangxiong/work/www/my/elf/elf/Elf/Routing/CoreRouting.php
LINE: 45
TRACE:array (
  0 => 
  array (
    'line' => 89,
    'function' => 'doRouting',
    'file' => '/Users/zhangxiong/work/www/my/elf/elf/Elf/Startup/CoreStartup.php',
    'class' => 'Elf\\Routing\\CoreRouting',
  ),
  1 => 
  array (
    'line' => 73,
    'function' => 'doRouting',
    'file' => '/Users/zhangxiong/work/www/my/elf/elf/Elf/Startup/CoreStartup.php',
    'class' => 'Elf\\StartUp\\CoreStartUp',
  ),
  2 => 
  array (
    'line' => 54,
    'function' => 'exec',
    'file' => '/Users/zhangxiong/work/www/my/elf/elf/web/index_dev.php',
    'class' => 'Elf\\StartUp\\CoreStartUp',
  ),
)
-------------------------------------------------------

-------------------------------------------------------
time 		:20170810-16:51:41(1502355101)
file 		:/Users/zhangxiong/work/www/my/elf/elf/app/
request 	:controller/appController\actionindex
content 	:
TYPE:exception 
ERROR:	Class app\controller/appController does not exist
FILE: /Users/zhangxiong/work/www/my/elf/elf/Elf/Routing/CoreRouting.php
LINE: 27
TRACE:array (
  0 => 
  array (
    'line' => 27,
    'function' => '__construct',
    'file' => '/Users/zhangxiong/work/www/my/elf/elf/Elf/Routing/CoreRouting.php',
    'class' => 'ReflectionClass',
  ),
  1 => 
  array (
    'line' => 89,
    'function' => 'doRouting',
    'file' => '/Users/zhangxiong/work/www/my/elf/elf/Elf/Startup/CoreStartup.php',
    'class' => 'Elf\\Routing\\CoreRouting',
  ),
  2 => 
  array (
    'line' => 73,
    'function' => 'doRouting',
    'file' => '/Users/zhangxiong/work/www/my/elf/elf/Elf/Startup/CoreStartup.php',
    'class' => 'Elf\\StartUp\\CoreStartUp',
  ),
  3 => 
  array (
    'line' => 54,
    'function' => 'exec',
    'file' => '/Users/zhangxiong/work/www/my/elf/elf/web/index_dev.php',
    'class' => 'Elf\\StartUp\\CoreStartUp',
  ),
)
-------------------------------------------------------

-------------------------------------------------------
time 		:20170810-16:52:24(1502355144)
file 		:/Users/zhangxiong/work/www/my/elf/elf/app/
request 	:controller\appController\actionindex
content 	:
TYPE:exception 
ERROR:	控制器appController找不到方法：actionindex()
FILE: /Users/zhangxiong/work/www/my/elf/elf/Elf/Routing/CoreRouting.php
LINE: 45
TRACE:array (
  0 => 
  array (
    'line' => 89,
    'function' => 'doRouting',
    'file' => '/Users/zhangxiong/work/www/my/elf/elf/Elf/Startup/CoreStartup.php',
    'class' => 'Elf\\Routing\\CoreRouting',
  ),
  1 => 
  array (
    'line' => 73,
    'function' => 'doRouting',
    'file' => '/Users/zhangxiong/work/www/my/elf/elf/Elf/Startup/CoreStartup.php',
    'class' => 'Elf\\StartUp\\CoreStartUp',
  ),
  2 => 
  array (
    'line' => 54,
    'function' => 'exec',
    'file' => '/Users/zhangxiong/work/www/my/elf/elf/web/index_dev.php',
    'class' => 'Elf\\StartUp\\CoreStartUp',
  ),
)
-------------------------------------------------------
