
-------------------------------------------------------
time 		:20170810-19:08:27(1502363307)
file 		:/Users/zhangxiong/work/www/my/elf/elf/app/
request 	:controller\boxController\actionbb
content 	:
TYPE:exception 
ERROR:	Class app\controller\boxController does not exist
FILE: /Users/zhangxiong/work/www/my/elf/elf/Elf/Routing/CoreRouting.php
LINE: 27
TRACE:array (
  0 => 
  array (
    'line' => 27,
    'function' => '__construct',
    'file' => '/Users/zhangxiong/work/www/my/elf/elf/Elf/Routing/CoreRouting.php',
    'class' => 'ReflectionClass',
  ),
  1 => 
  array (
    'line' => 89,
    'function' => 'doRouting',
    'file' => '/Users/zhangxiong/work/www/my/elf/elf/Elf/Startup/CoreStartup.php',
    'class' => 'Elf\\Routing\\CoreRouting',
  ),
  2 => 
  array (
    'line' => 73,
    'function' => 'doRouting',
    'file' => '/Users/zhangxiong/work/www/my/elf/elf/Elf/Startup/CoreStartup.php',
    'class' => 'Elf\\StartUp\\CoreStartUp',
  ),
  3 => 
  array (
    'line' => 54,
    'function' => 'exec',
    'file' => '/Users/zhangxiong/work/www/my/elf/elf/web/index_dev.php',
    'class' => 'Elf\\StartUp\\CoreStartUp',
  ),
)
-------------------------------------------------------

-------------------------------------------------------
time 		:20170810-19:08:45(1502363325)
file 		:/Users/zhangxiong/work/www/my/elf/elf/app/
request 	:controller\box/bbController\actionindex
content 	:
TYPE:exception 
ERROR:	Class app\controller\box/bbController does not exist
FILE: /Users/zhangxiong/work/www/my/elf/elf/Elf/Routing/CoreRouting.php
LINE: 27
TRACE:array (
  0 => 
  array (
    'line' => 27,
    'function' => '__construct',
    'file' => '/Users/zhangxiong/work/www/my/elf/elf/Elf/Routing/CoreRouting.php',
    'class' => 'ReflectionClass',
  ),
  1 => 
  array (
    'line' => 89,
    'function' => 'doRouting',
    'file' => '/Users/zhangxiong/work/www/my/elf/elf/Elf/Startup/CoreStartup.php',
    'class' => 'Elf\\Routing\\CoreRouting',
  ),
  2 => 
  array (
    'line' => 73,
    'function' => 'doRouting',
    'file' => '/Users/zhangxiong/work/www/my/elf/elf/Elf/Startup/CoreStartup.php',
    'class' => 'Elf\\StartUp\\CoreStartUp',
  ),
  3 => 
  array (
    'line' => 54,
    'function' => 'exec',
    'file' => '/Users/zhangxiong/work/www/my/elf/elf/web/index_dev.php',
    'class' => 'Elf\\StartUp\\CoreStartUp',
  ),
)
-------------------------------------------------------

-------------------------------------------------------
time 		:20170810-19:09:44(1502363384)
file 		:/Users/zhangxiong/work/www/my/elf/elf/app/
request 	:controller\box/bbController\actionindex
content 	:
TYPE:error 
ERROR:	Class 'Elf\Routing\Request' not found
FILE: /Users/zhangxiong/work/www/my/elf/elf/Elf/Routing/CoreRequest.php
LINE: 47
-------------------------------------------------------

-------------------------------------------------------
time 		:20170810-19:17:31(1502363851)
file 		:/Users/zhangxiong/work/www/my/elf/elf/app/
request 	:controller\box/bbController\actionindex
content 	:
TYPE:exception 
ERROR:	Class app\controller\box/bbController does not exist
FILE: /Users/zhangxiong/work/www/my/elf/elf/Elf/Routing/CoreRouting.php
LINE: 27
TRACE:array (
  0 => 
  array (
    'line' => 27,
    'function' => '__construct',
    'file' => '/Users/zhangxiong/work/www/my/elf/elf/Elf/Routing/CoreRouting.php',
    'class' => 'ReflectionClass',
  ),
  1 => 
  array (
    'line' => 89,
    'function' => 'doRouting',
    'file' => '/Users/zhangxiong/work/www/my/elf/elf/Elf/Startup/CoreStartup.php',
    'class' => 'Elf\\Routing\\CoreRouting',
  ),
  2 => 
  array (
    'line' => 73,
    'function' => 'doRouting',
    'file' => '/Users/zhangxiong/work/www/my/elf/elf/Elf/Startup/CoreStartup.php',
    'class' => 'Elf\\StartUp\\CoreStartUp',
  ),
  3 => 
  array (
    'line' => 54,
    'function' => 'exec',
    'file' => '/Users/zhangxiong/work/www/my/elf/elf/web/index_dev.php',
    'class' => 'Elf\\StartUp\\CoreStartUp',
  ),
)
-------------------------------------------------------

-------------------------------------------------------
time 		:20170810-19:19:27(1502363967)
file 		:/Users/zhangxiong/work/www/my/elf/elf/app/
request 	:controller\lotteryController\actionindex
content 	:
TYPE:exception 
ERROR:	Smarty->render() undefined method
FILE: /Users/zhangxiong/work/www/my/elf/elf/Elf/Vendor/Smarty/Libs/sysplugins/smarty_internal_undefined.php
LINE: 47
TRACE:array (
  0 => 
  array (
    'line' => '',
    'function' => '__call',
    'file' => '',
    'class' => 'Smarty_Internal_Undefined',
  ),
  1 => 
  array (
    'line' => '',
    'function' => 'render',
    'file' => '',
    'class' => 'Smarty_Internal_Undefined',
  ),
  2 => 
  array (
    'line' => 98,
    'function' => 'call_user_func_array',
    'file' => '/Users/zhangxiong/work/www/my/elf/elf/Elf/Vendor/Smarty/Libs/sysplugins/smarty_internal_extension_handler.php',
    'class' => '',
  ),
  3 => 
  array (
    'line' => 241,
    'function' => '_callExternalMethod',
    'file' => '/Users/zhangxiong/work/www/my/elf/elf/Elf/Vendor/Smarty/Libs/sysplugins/smarty_internal_data.php',
    'class' => 'Smarty_Internal_Extension_Handler',
  ),
  4 => 
  array (
    'line' => 54,
    'function' => '__call',
    'file' => '/Users/zhangxiong/work/www/my/elf/elf/Elf/View/SmartyView.php',
    'class' => 'Smarty_Internal_Data',
  ),
  5 => 
  array (
    'line' => 54,
    'function' => 'render',
    'file' => '/Users/zhangxiong/work/www/my/elf/elf/Elf/View/SmartyView.php',
    'class' => 'Smarty',
  ),
  6 => 
  array (
    'line' => 61,
    'function' => 'view',
    'file' => '/Users/zhangxiong/work/www/my/elf/elf/Elf/Controller/CoreController.php',
    'class' => 'Elf\\View\\SmartyView',
  ),
  7 => 
  array (
    'line' => 23,
    'function' => 'view',
    'file' => '/Users/zhangxiong/work/www/my/elf/elf/app/controller/lotteryController.php',
    'class' => 'Elf\\Controller\\CoreController',
  ),
  8 => 
  array (
    'line' => '',
    'function' => 'actionindex',
    'file' => '',
    'class' => 'app\\controller\\LotteryController',
  ),
  9 => 
  array (
    'line' => 60,
    'function' => 'call_user_func',
    'file' => '/Users/zhangxiong/work/www/my/elf/elf/Elf/Routing/CoreRouting.php',
    'class' => '',
  ),
  10 => 
  array (
    'line' => 89,
    'function' => 'doRouting',
    'file' => '/Users/zhangxiong/work/www/my/elf/elf/Elf/Startup/CoreStartup.php',
    'class' => 'Elf\\Routing\\CoreRouting',
  ),
  11 => 
  array (
    'line' => 73,
    'function' => 'doRouting',
    'file' => '/Users/zhangxiong/work/www/my/elf/elf/Elf/Startup/CoreStartup.php',
    'class' => 'Elf\\StartUp\\CoreStartUp',
  ),
  12 => 
  array (
    'line' => 54,
    'function' => 'exec',
    'file' => '/Users/zhangxiong/work/www/my/elf/elf/web/index_dev.php',
    'class' => 'Elf\\StartUp\\CoreStartUp',
  ),
)
-------------------------------------------------------

-------------------------------------------------------
time 		:20170810-19:19:49(1502363989)
file 		:/Users/zhangxiong/work/www/my/elf/elf/app/
request 	:controller\lotteryController\actionindex
content 	:
TYPE:exception 
ERROR:	Smarty->rend() undefined method
FILE: /Users/zhangxiong/work/www/my/elf/elf/Elf/Vendor/Smarty/Libs/sysplugins/smarty_internal_undefined.php
LINE: 47
TRACE:array (
  0 => 
  array (
    'line' => '',
    'function' => '__call',
    'file' => '',
    'class' => 'Smarty_Internal_Undefined',
  ),
  1 => 
  array (
    'line' => '',
    'function' => 'rend',
    'file' => '',
    'class' => 'Smarty_Internal_Undefined',
  ),
  2 => 
  array (
    'line' => 98,
    'function' => 'call_user_func_array',
    'file' => '/Users/zhangxiong/work/www/my/elf/elf/Elf/Vendor/Smarty/Libs/sysplugins/smarty_internal_extension_handler.php',
    'class' => '',
  ),
  3 => 
  array (
    'line' => 241,
    'function' => '_callExternalMethod',
    'file' => '/Users/zhangxiong/work/www/my/elf/elf/Elf/Vendor/Smarty/Libs/sysplugins/smarty_internal_data.php',
    'class' => 'Smarty_Internal_Extension_Handler',
  ),
  4 => 
  array (
    'line' => 54,
    'function' => '__call',
    'file' => '/Users/zhangxiong/work/www/my/elf/elf/Elf/View/SmartyView.php',
    'class' => 'Smarty_Internal_Data',
  ),
  5 => 
  array (
    'line' => 54,
    'function' => 'rend',
    'file' => '/Users/zhangxiong/work/www/my/elf/elf/Elf/View/SmartyView.php',
    'class' => 'Smarty',
  ),
  6 => 
  array (
    'line' => 61,
    'function' => 'view',
    'file' => '/Users/zhangxiong/work/www/my/elf/elf/Elf/Controller/CoreController.php',
    'class' => 'Elf\\View\\SmartyView',
  ),
  7 => 
  array (
    'line' => 23,
    'function' => 'view',
    'file' => '/Users/zhangxiong/work/www/my/elf/elf/app/controller/lotteryController.php',
    'class' => 'Elf\\Controller\\CoreController',
  ),
  8 => 
  array (
    'line' => '',
    'function' => 'actionindex',
    'file' => '',
    'class' => 'app\\controller\\LotteryController',
  ),
  9 => 
  array (
    'line' => 60,
    'function' => 'call_user_func',
    'file' => '/Users/zhangxiong/work/www/my/elf/elf/Elf/Routing/CoreRouting.php',
    'class' => '',
  ),
  10 => 
  array (
    'line' => 89,
    'function' => 'doRouting',
    'file' => '/Users/zhangxiong/work/www/my/elf/elf/Elf/Startup/CoreStartup.php',
    'class' => 'Elf\\Routing\\CoreRouting',
  ),
  11 => 
  array (
    'line' => 73,
    'function' => 'doRouting',
    'file' => '/Users/zhangxiong/work/www/my/elf/elf/Elf/Startup/CoreStartup.php',
    'class' => 'Elf\\StartUp\\CoreStartUp',
  ),
  12 => 
  array (
    'line' => 54,
    'function' => 'exec',
    'file' => '/Users/zhangxiong/work/www/my/elf/elf/web/index_dev.php',
    'class' => 'Elf\\StartUp\\CoreStartUp',
  ),
)
-------------------------------------------------------
