
-------------------------------------------------------
time 		:20170123-15:40:09(1485157209)
file 		:E:\www\wamp\www\elf-git\elf\app\
request 	:controller\box\xxx\aaController\actiontest
content 	:
TYPE:error 
ERROR:	Cannot pass parameter 2 by reference
FILE: E:\www\wamp\www\elf-git\elf\app\controller\box\xxx\AaController.php
LINE: 48
-------------------------------------------------------

-------------------------------------------------------
time 		:20170123-15:43:04(1485157384)
file 		:E:\www\wamp\www\elf-git\elf\app\
request 	:controller\box\xxx\aaController\actiontest
content 	:
TYPE:error 
ERROR:	Call to undefined function Elf\Lib\PHP_VERSION()
FILE: E:\www\wamp\www\elf-git\elf\Elf\Lib\File\File.php
LINE: 101
-------------------------------------------------------
