
-------------------------------------------------------
time 		:20170123-16:06:39(1485158799)
file 		:E:\www\wamp\www\elf-git\elf\app\
request 	:controller\box\xxx\aaController\actiontest
content 	:
TYPE:error 
ERROR:	Undefined variable: folder
FILE: E:\www\wamp\www\elf-git\elf\Elf\Lib\File\File.php
LINE: 144
-------------------------------------------------------

-------------------------------------------------------
time 		:20170123-16:47:13(1485161233)
file 		:E:\www\wamp\www\elf-git\elf\app\
request 	:controller\box\xxx\aaController\actiontest
content 	:
TYPE:error 
ERROR:	is_dir() expects exactly 1 parameter, 2 given
FILE: E:\www\wamp\www\elf-git\elf\Elf\Lib\File\File.php
LINE: 151
-------------------------------------------------------
