
-------------------------------------------------------
time 		:20170123-11:15:13(1485141313)
file 		:E:\www\wamp\www\elf-git\elf\app\
request 	:controller\box\xxx\aaController\actiontest
content 	:
TYPE:error 
ERROR:	Class 'Elf\Lib\RecursiveDirectoryIterator' not found
FILE: E:\www\wamp\www\elf-git\elf\Elf\Lib\File\File.php
LINE: 103
-------------------------------------------------------

-------------------------------------------------------
time 		:20170123-11:19:06(1485141546)
file 		:E:\www\wamp\www\elf-git\elf\app\
request 	:controller\box\xxx\aaController\actiontest
content 	:
TYPE:error 
ERROR:	Call to undefined method SplFileInfo::getSubPath()
FILE: E:\www\wamp\www\elf-git\elf\Elf\Lib\File\File.php
LINE: 109
-------------------------------------------------------

-------------------------------------------------------
time 		:20170123-11:23:42(1485141822)
file 		:E:\www\wamp\www\elf-git\elf\app\
request 	:controller\box\xxx\aaController\actiontest
content 	:
TYPE:error 
ERROR:	Call to undefined method SplFileInfo::getSubPath()
FILE: E:\www\wamp\www\elf-git\elf\Elf\Lib\File\File.php
LINE: 111
-------------------------------------------------------

-------------------------------------------------------
time 		:20170123-11:28:08(1485142088)
file 		:E:\www\wamp\www\elf-git\elf\app\
request 	:controller\box\xxx\aaController\actiontest
content 	:
TYPE:error 
ERROR:	Call to undefined method SplFileInfo::hasChildren()
FILE: E:\www\wamp\www\elf-git\elf\Elf\Lib\File\File.php
LINE: 112
-------------------------------------------------------
