
-------------------------------------------------------
time 		:20171209-23:11:55(1512832315)
file 		:/Users/zhangxiong/work/www/my/elf/elf/app/
request 	:controller\indexController\actionIndex
content 	:
TYPE:exception 
ERROR:	Class app\controller\indexController does not exist
FILE: /Users/zhangxiong/work/www/my/elf/elf/Elf/Routing/CoreRouting.php
LINE: 27
TRACE:array (
  0 => 
  array (
    'line' => 27,
    'function' => '__construct',
    'file' => '/Users/zhangxiong/work/www/my/elf/elf/Elf/Routing/CoreRouting.php',
    'class' => 'ReflectionClass',
  ),
  1 => 
  array (
    'line' => 89,
    'function' => 'doRouting',
    'file' => '/Users/zhangxiong/work/www/my/elf/elf/Elf/Startup/CoreStartup.php',
    'class' => 'Elf\\Routing\\CoreRouting',
  ),
  2 => 
  array (
    'line' => 73,
    'function' => 'doRouting',
    'file' => '/Users/zhangxiong/work/www/my/elf/elf/Elf/Startup/CoreStartup.php',
    'class' => 'Elf\\StartUp\\CoreStartUp',
  ),
  3 => 
  array (
    'line' => 56,
    'function' => 'exec',
    'file' => '/Users/zhangxiong/work/www/my/elf/elf/web/index_dev.php',
    'class' => 'Elf\\StartUp\\CoreStartUp',
  ),
)
-------------------------------------------------------

-------------------------------------------------------
time 		:20171209-23:27:34(1512833254)
file 		:/Users/zhangxiong/work/www/my/elf/elf/app/
request 	:controller\nbaController\actioncollect
content 	:
TYPE:exception 
ERROR:	Class app\controller\nbaController does not exist
FILE: /Users/zhangxiong/work/www/my/elf/elf/Elf/Routing/CoreRouting.php
LINE: 27
TRACE:array (
  0 => 
  array (
    'line' => 27,
    'function' => '__construct',
    'file' => '/Users/zhangxiong/work/www/my/elf/elf/Elf/Routing/CoreRouting.php',
    'class' => 'ReflectionClass',
  ),
  1 => 
  array (
    'line' => 89,
    'function' => 'doRouting',
    'file' => '/Users/zhangxiong/work/www/my/elf/elf/Elf/Startup/CoreStartup.php',
    'class' => 'Elf\\Routing\\CoreRouting',
  ),
  2 => 
  array (
    'line' => 73,
    'function' => 'doRouting',
    'file' => '/Users/zhangxiong/work/www/my/elf/elf/Elf/Startup/CoreStartup.php',
    'class' => 'Elf\\StartUp\\CoreStartUp',
  ),
  3 => 
  array (
    'line' => 56,
    'function' => 'exec',
    'file' => '/Users/zhangxiong/work/www/my/elf/elf/web/index_dev.php',
    'class' => 'Elf\\StartUp\\CoreStartUp',
  ),
)
-------------------------------------------------------

-------------------------------------------------------
time 		:20171209-23:29:12(1512833352)
file 		:/Users/zhangxiong/work/www/my/elf/elf/app/
request 	:controller\indexController\actionIndex
content 	:
TYPE:exception 
ERROR:	Class app\controller\indexController does not exist
FILE: /Users/zhangxiong/work/www/my/elf/elf/Elf/Routing/CoreRouting.php
LINE: 27
TRACE:array (
  0 => 
  array (
    'line' => 27,
    'function' => '__construct',
    'file' => '/Users/zhangxiong/work/www/my/elf/elf/Elf/Routing/CoreRouting.php',
    'class' => 'ReflectionClass',
  ),
  1 => 
  array (
    'line' => 89,
    'function' => 'doRouting',
    'file' => '/Users/zhangxiong/work/www/my/elf/elf/Elf/Startup/CoreStartup.php',
    'class' => 'Elf\\Routing\\CoreRouting',
  ),
  2 => 
  array (
    'line' => 73,
    'function' => 'doRouting',
    'file' => '/Users/zhangxiong/work/www/my/elf/elf/Elf/Startup/CoreStartup.php',
    'class' => 'Elf\\StartUp\\CoreStartUp',
  ),
  3 => 
  array (
    'line' => 56,
    'function' => 'exec',
    'file' => '/Users/zhangxiong/work/www/my/elf/elf/web/index_dev.php',
    'class' => 'Elf\\StartUp\\CoreStartUp',
  ),
)
-------------------------------------------------------

-------------------------------------------------------
time 		:20171209-23:30:04(1512833404)
file 		:/Users/zhangxiong/work/www/my/elf/elf/app/
request 	:controller\nbaController\actioncollect
content 	:
TYPE:exception 
ERROR:	Class app\controller\nbaController does not exist
FILE: /Users/zhangxiong/work/www/my/elf/elf/Elf/Routing/CoreRouting.php
LINE: 27
TRACE:array (
  0 => 
  array (
    'line' => 27,
    'function' => '__construct',
    'file' => '/Users/zhangxiong/work/www/my/elf/elf/Elf/Routing/CoreRouting.php',
    'class' => 'ReflectionClass',
  ),
  1 => 
  array (
    'line' => 89,
    'function' => 'doRouting',
    'file' => '/Users/zhangxiong/work/www/my/elf/elf/Elf/Startup/CoreStartup.php',
    'class' => 'Elf\\Routing\\CoreRouting',
  ),
  2 => 
  array (
    'line' => 73,
    'function' => 'doRouting',
    'file' => '/Users/zhangxiong/work/www/my/elf/elf/Elf/Startup/CoreStartup.php',
    'class' => 'Elf\\StartUp\\CoreStartUp',
  ),
  3 => 
  array (
    'line' => 56,
    'function' => 'exec',
    'file' => '/Users/zhangxiong/work/www/my/elf/elf/web/index_dev.php',
    'class' => 'Elf\\StartUp\\CoreStartUp',
  ),
)
-------------------------------------------------------

-------------------------------------------------------
time 		:20171209-23:30:08(1512833408)
file 		:/Users/zhangxiong/work/www/my/elf/elf/app/
request 	:controller\collectController\actionindex
content 	:
TYPE:exception 
ERROR:	Class app\controller\collectController does not exist
FILE: /Users/zhangxiong/work/www/my/elf/elf/Elf/Routing/CoreRouting.php
LINE: 27
TRACE:array (
  0 => 
  array (
    'line' => 27,
    'function' => '__construct',
    'file' => '/Users/zhangxiong/work/www/my/elf/elf/Elf/Routing/CoreRouting.php',
    'class' => 'ReflectionClass',
  ),
  1 => 
  array (
    'line' => 89,
    'function' => 'doRouting',
    'file' => '/Users/zhangxiong/work/www/my/elf/elf/Elf/Startup/CoreStartup.php',
    'class' => 'Elf\\Routing\\CoreRouting',
  ),
  2 => 
  array (
    'line' => 73,
    'function' => 'doRouting',
    'file' => '/Users/zhangxiong/work/www/my/elf/elf/Elf/Startup/CoreStartup.php',
    'class' => 'Elf\\StartUp\\CoreStartUp',
  ),
  3 => 
  array (
    'line' => 56,
    'function' => 'exec',
    'file' => '/Users/zhangxiong/work/www/my/elf/elf/web/index_dev.php',
    'class' => 'Elf\\StartUp\\CoreStartUp',
  ),
)
-------------------------------------------------------

-------------------------------------------------------
time 		:20171209-23:34:24(1512833664)
file 		:/Users/zhangxiong/work/www/my/elf/elf/app/
request 	:controller\collectController\actionindex
content 	:
TYPE:exception 
ERROR:	Class app\controller\collectController does not exist
FILE: /Users/zhangxiong/work/www/my/elf/elf/Elf/Routing/CoreRouting.php
LINE: 27
TRACE:array (
  0 => 
  array (
    'line' => 27,
    'function' => '__construct',
    'file' => '/Users/zhangxiong/work/www/my/elf/elf/Elf/Routing/CoreRouting.php',
    'class' => 'ReflectionClass',
  ),
  1 => 
  array (
    'line' => 89,
    'function' => 'doRouting',
    'file' => '/Users/zhangxiong/work/www/my/elf/elf/Elf/Startup/CoreStartup.php',
    'class' => 'Elf\\Routing\\CoreRouting',
  ),
  2 => 
  array (
    'line' => 73,
    'function' => 'doRouting',
    'file' => '/Users/zhangxiong/work/www/my/elf/elf/Elf/Startup/CoreStartup.php',
    'class' => 'Elf\\StartUp\\CoreStartUp',
  ),
  3 => 
  array (
    'line' => 56,
    'function' => 'exec',
    'file' => '/Users/zhangxiong/work/www/my/elf/elf/web/index_dev.php',
    'class' => 'Elf\\StartUp\\CoreStartUp',
  ),
)
-------------------------------------------------------

-------------------------------------------------------
time 		:20171209-23:34:33(1512833673)
file 		:/Users/zhangxiong/work/www/my/elf/elf/app/
request 	:controller\nbaController\actioncollect
content 	:
TYPE:exception 
ERROR:	Class app\controller\nbaController does not exist
FILE: /Users/zhangxiong/work/www/my/elf/elf/Elf/Routing/CoreRouting.php
LINE: 27
TRACE:array (
  0 => 
  array (
    'line' => 27,
    'function' => '__construct',
    'file' => '/Users/zhangxiong/work/www/my/elf/elf/Elf/Routing/CoreRouting.php',
    'class' => 'ReflectionClass',
  ),
  1 => 
  array (
    'line' => 89,
    'function' => 'doRouting',
    'file' => '/Users/zhangxiong/work/www/my/elf/elf/Elf/Startup/CoreStartup.php',
    'class' => 'Elf\\Routing\\CoreRouting',
  ),
  2 => 
  array (
    'line' => 73,
    'function' => 'doRouting',
    'file' => '/Users/zhangxiong/work/www/my/elf/elf/Elf/Startup/CoreStartup.php',
    'class' => 'Elf\\StartUp\\CoreStartUp',
  ),
  3 => 
  array (
    'line' => 56,
    'function' => 'exec',
    'file' => '/Users/zhangxiong/work/www/my/elf/elf/web/index_dev.php',
    'class' => 'Elf\\StartUp\\CoreStartUp',
  ),
)
-------------------------------------------------------

-------------------------------------------------------
time 		:20171209-23:45:17(1512834317)
file 		:/Users/zhangxiong/work/www/my/elf/elf/app/
request 	:controller\/nba/collectController\actioncollect
content 	:
TYPE:exception 
ERROR:	Class app\controller\/nba/collectController does not exist
FILE: /Users/zhangxiong/work/www/my/elf/elf/Elf/Routing/CoreRouting.php
LINE: 27
TRACE:array (
  0 => 
  array (
    'line' => 27,
    'function' => '__construct',
    'file' => '/Users/zhangxiong/work/www/my/elf/elf/Elf/Routing/CoreRouting.php',
    'class' => 'ReflectionClass',
  ),
  1 => 
  array (
    'line' => 89,
    'function' => 'doRouting',
    'file' => '/Users/zhangxiong/work/www/my/elf/elf/Elf/Startup/CoreStartup.php',
    'class' => 'Elf\\Routing\\CoreRouting',
  ),
  2 => 
  array (
    'line' => 73,
    'function' => 'doRouting',
    'file' => '/Users/zhangxiong/work/www/my/elf/elf/Elf/Startup/CoreStartup.php',
    'class' => 'Elf\\StartUp\\CoreStartUp',
  ),
  3 => 
  array (
    'line' => 56,
    'function' => 'exec',
    'file' => '/Users/zhangxiong/work/www/my/elf/elf/web/index_dev.php',
    'class' => 'Elf\\StartUp\\CoreStartUp',
  ),
)
-------------------------------------------------------

-------------------------------------------------------
time 		:20171209-23:45:53(1512834353)
file 		:/Users/zhangxiong/work/www/my/elf/elf/app/
request 	:controller\nbaController\actioncollect
content 	:
TYPE:exception 
ERROR:	Class app\controller\nbaController does not exist
FILE: /Users/zhangxiong/work/www/my/elf/elf/Elf/Routing/CoreRouting.php
LINE: 27
TRACE:array (
  0 => 
  array (
    'line' => 27,
    'function' => '__construct',
    'file' => '/Users/zhangxiong/work/www/my/elf/elf/Elf/Routing/CoreRouting.php',
    'class' => 'ReflectionClass',
  ),
  1 => 
  array (
    'line' => 89,
    'function' => 'doRouting',
    'file' => '/Users/zhangxiong/work/www/my/elf/elf/Elf/Startup/CoreStartup.php',
    'class' => 'Elf\\Routing\\CoreRouting',
  ),
  2 => 
  array (
    'line' => 73,
    'function' => 'doRouting',
    'file' => '/Users/zhangxiong/work/www/my/elf/elf/Elf/Startup/CoreStartup.php',
    'class' => 'Elf\\StartUp\\CoreStartUp',
  ),
  3 => 
  array (
    'line' => 56,
    'function' => 'exec',
    'file' => '/Users/zhangxiong/work/www/my/elf/elf/web/index_dev.php',
    'class' => 'Elf\\StartUp\\CoreStartUp',
  ),
)
-------------------------------------------------------

-------------------------------------------------------
time 		:20171209-23:47:03(1512834423)
file 		:/Users/zhangxiong/work/www/my/elf/elf/app/
request 	:controller\boxController\actionxxx
content 	:
TYPE:exception 
ERROR:	Class app\controller\boxController does not exist
FILE: /Users/zhangxiong/work/www/my/elf/elf/Elf/Routing/CoreRouting.php
LINE: 27
TRACE:array (
  0 => 
  array (
    'line' => 27,
    'function' => '__construct',
    'file' => '/Users/zhangxiong/work/www/my/elf/elf/Elf/Routing/CoreRouting.php',
    'class' => 'ReflectionClass',
  ),
  1 => 
  array (
    'line' => 89,
    'function' => 'doRouting',
    'file' => '/Users/zhangxiong/work/www/my/elf/elf/Elf/Startup/CoreStartup.php',
    'class' => 'Elf\\Routing\\CoreRouting',
  ),
  2 => 
  array (
    'line' => 73,
    'function' => 'doRouting',
    'file' => '/Users/zhangxiong/work/www/my/elf/elf/Elf/Startup/CoreStartup.php',
    'class' => 'Elf\\StartUp\\CoreStartUp',
  ),
  3 => 
  array (
    'line' => 56,
    'function' => 'exec',
    'file' => '/Users/zhangxiong/work/www/my/elf/elf/web/index_dev.php',
    'class' => 'Elf\\StartUp\\CoreStartUp',
  ),
)
-------------------------------------------------------

-------------------------------------------------------
time 		:20171209-23:50:02(1512834602)
file 		:/Users/zhangxiong/work/www/my/elf/elf/app/
request 	:controller\nbaController\actioncollect
content 	:
TYPE:exception 
ERROR:	Class app\controller\nbaController does not exist
FILE: /Users/zhangxiong/work/www/my/elf/elf/Elf/Routing/CoreRouting.php
LINE: 27
TRACE:array (
  0 => 
  array (
    'line' => 27,
    'function' => '__construct',
    'file' => '/Users/zhangxiong/work/www/my/elf/elf/Elf/Routing/CoreRouting.php',
    'class' => 'ReflectionClass',
  ),
  1 => 
  array (
    'line' => 89,
    'function' => 'doRouting',
    'file' => '/Users/zhangxiong/work/www/my/elf/elf/Elf/Startup/CoreStartup.php',
    'class' => 'Elf\\Routing\\CoreRouting',
  ),
  2 => 
  array (
    'line' => 73,
    'function' => 'doRouting',
    'file' => '/Users/zhangxiong/work/www/my/elf/elf/Elf/Startup/CoreStartup.php',
    'class' => 'Elf\\StartUp\\CoreStartUp',
  ),
  3 => 
  array (
    'line' => 56,
    'function' => 'exec',
    'file' => '/Users/zhangxiong/work/www/my/elf/elf/web/index_dev.php',
    'class' => 'Elf\\StartUp\\CoreStartUp',
  ),
)
-------------------------------------------------------

-------------------------------------------------------
time 		:20171209-23:50:28(1512834628)
file 		:/Users/zhangxiong/work/www/my/elf/elf/app/
request 	:controller\collectController\actionindex
content 	:
TYPE:exception 
ERROR:	Class app\controller\collectController does not exist
FILE: /Users/zhangxiong/work/www/my/elf/elf/Elf/Routing/CoreRouting.php
LINE: 27
TRACE:array (
  0 => 
  array (
    'line' => 27,
    'function' => '__construct',
    'file' => '/Users/zhangxiong/work/www/my/elf/elf/Elf/Routing/CoreRouting.php',
    'class' => 'ReflectionClass',
  ),
  1 => 
  array (
    'line' => 89,
    'function' => 'doRouting',
    'file' => '/Users/zhangxiong/work/www/my/elf/elf/Elf/Startup/CoreStartup.php',
    'class' => 'Elf\\Routing\\CoreRouting',
  ),
  2 => 
  array (
    'line' => 73,
    'function' => 'doRouting',
    'file' => '/Users/zhangxiong/work/www/my/elf/elf/Elf/Startup/CoreStartup.php',
    'class' => 'Elf\\StartUp\\CoreStartUp',
  ),
  3 => 
  array (
    'line' => 56,
    'function' => 'exec',
    'file' => '/Users/zhangxiong/work/www/my/elf/elf/web/index_dev.php',
    'class' => 'Elf\\StartUp\\CoreStartUp',
  ),
)
-------------------------------------------------------

-------------------------------------------------------
time 		:20171209-23:50:37(1512834637)
file 		:/Users/zhangxiong/work/www/my/elf/elf/app/
request 	:controller\collectController\actionindex
content 	:
TYPE:exception 
ERROR:	Class app\controller\collectController does not exist
FILE: /Users/zhangxiong/work/www/my/elf/elf/Elf/Routing/CoreRouting.php
LINE: 27
TRACE:array (
  0 => 
  array (
    'line' => 27,
    'function' => '__construct',
    'file' => '/Users/zhangxiong/work/www/my/elf/elf/Elf/Routing/CoreRouting.php',
    'class' => 'ReflectionClass',
  ),
  1 => 
  array (
    'line' => 89,
    'function' => 'doRouting',
    'file' => '/Users/zhangxiong/work/www/my/elf/elf/Elf/Startup/CoreStartup.php',
    'class' => 'Elf\\Routing\\CoreRouting',
  ),
  2 => 
  array (
    'line' => 73,
    'function' => 'doRouting',
    'file' => '/Users/zhangxiong/work/www/my/elf/elf/Elf/Startup/CoreStartup.php',
    'class' => 'Elf\\StartUp\\CoreStartUp',
  ),
  3 => 
  array (
    'line' => 56,
    'function' => 'exec',
    'file' => '/Users/zhangxiong/work/www/my/elf/elf/web/index_dev.php',
    'class' => 'Elf\\StartUp\\CoreStartUp',
  ),
)
-------------------------------------------------------

-------------------------------------------------------
time 		:20171209-23:50:50(1512834650)
file 		:/Users/zhangxiong/work/www/my/elf/elf/app/
request 	:controller\collectController\actionindex
content 	:
TYPE:exception 
ERROR:	Class app\controller\collectController does not exist
FILE: /Users/zhangxiong/work/www/my/elf/elf/Elf/Routing/CoreRouting.php
LINE: 27
TRACE:array (
  0 => 
  array (
    'line' => 27,
    'function' => '__construct',
    'file' => '/Users/zhangxiong/work/www/my/elf/elf/Elf/Routing/CoreRouting.php',
    'class' => 'ReflectionClass',
  ),
  1 => 
  array (
    'line' => 89,
    'function' => 'doRouting',
    'file' => '/Users/zhangxiong/work/www/my/elf/elf/Elf/Startup/CoreStartup.php',
    'class' => 'Elf\\Routing\\CoreRouting',
  ),
  2 => 
  array (
    'line' => 73,
    'function' => 'doRouting',
    'file' => '/Users/zhangxiong/work/www/my/elf/elf/Elf/Startup/CoreStartup.php',
    'class' => 'Elf\\StartUp\\CoreStartUp',
  ),
  3 => 
  array (
    'line' => 56,
    'function' => 'exec',
    'file' => '/Users/zhangxiong/work/www/my/elf/elf/web/index_dev.php',
    'class' => 'Elf\\StartUp\\CoreStartUp',
  ),
)
-------------------------------------------------------

-------------------------------------------------------
time 		:20171209-23:53:28(1512834808)
file 		:/Users/zhangxiong/work/www/my/elf/elf/app/
request 	:controller\indexController\actionIndex
content 	:
TYPE:exception 
ERROR:	Class app\controller\indexController does not exist
FILE: /Users/zhangxiong/work/www/my/elf/elf/Elf/Routing/CoreRouting.php
LINE: 27
TRACE:array (
  0 => 
  array (
    'line' => 27,
    'function' => '__construct',
    'file' => '/Users/zhangxiong/work/www/my/elf/elf/Elf/Routing/CoreRouting.php',
    'class' => 'ReflectionClass',
  ),
  1 => 
  array (
    'line' => 89,
    'function' => 'doRouting',
    'file' => '/Users/zhangxiong/work/www/my/elf/elf/Elf/Startup/CoreStartup.php',
    'class' => 'Elf\\Routing\\CoreRouting',
  ),
  2 => 
  array (
    'line' => 73,
    'function' => 'doRouting',
    'file' => '/Users/zhangxiong/work/www/my/elf/elf/Elf/Startup/CoreStartup.php',
    'class' => 'Elf\\StartUp\\CoreStartUp',
  ),
  3 => 
  array (
    'line' => 56,
    'function' => 'exec',
    'file' => '/Users/zhangxiong/work/www/my/elf/elf/web/index_dev.php',
    'class' => 'Elf\\StartUp\\CoreStartUp',
  ),
)
-------------------------------------------------------

-------------------------------------------------------
time 		:20171209-23:53:38(1512834818)
file 		:/Users/zhangxiong/work/www/my/elf/elf/app/
request 	:controller\box/xxx/aaController\actionindex
content 	:
TYPE:exception 
ERROR:	Class app\controller\box/xxx/aaController does not exist
FILE: /Users/zhangxiong/work/www/my/elf/elf/Elf/Routing/CoreRouting.php
LINE: 27
TRACE:array (
  0 => 
  array (
    'line' => 27,
    'function' => '__construct',
    'file' => '/Users/zhangxiong/work/www/my/elf/elf/Elf/Routing/CoreRouting.php',
    'class' => 'ReflectionClass',
  ),
  1 => 
  array (
    'line' => 89,
    'function' => 'doRouting',
    'file' => '/Users/zhangxiong/work/www/my/elf/elf/Elf/Startup/CoreStartup.php',
    'class' => 'Elf\\Routing\\CoreRouting',
  ),
  2 => 
  array (
    'line' => 73,
    'function' => 'doRouting',
    'file' => '/Users/zhangxiong/work/www/my/elf/elf/Elf/Startup/CoreStartup.php',
    'class' => 'Elf\\StartUp\\CoreStartUp',
  ),
  3 => 
  array (
    'line' => 56,
    'function' => 'exec',
    'file' => '/Users/zhangxiong/work/www/my/elf/elf/web/index_dev.php',
    'class' => 'Elf\\StartUp\\CoreStartUp',
  ),
)
-------------------------------------------------------

-------------------------------------------------------
time 		:20171209-23:53:44(1512834824)
file 		:/Users/zhangxiong/work/www/my/elf/elf/app/
request 	:controller\box/xxxController\actionaa
content 	:
TYPE:exception 
ERROR:	Class app\controller\box/xxxController does not exist
FILE: /Users/zhangxiong/work/www/my/elf/elf/Elf/Routing/CoreRouting.php
LINE: 27
TRACE:array (
  0 => 
  array (
    'line' => 27,
    'function' => '__construct',
    'file' => '/Users/zhangxiong/work/www/my/elf/elf/Elf/Routing/CoreRouting.php',
    'class' => 'ReflectionClass',
  ),
  1 => 
  array (
    'line' => 89,
    'function' => 'doRouting',
    'file' => '/Users/zhangxiong/work/www/my/elf/elf/Elf/Startup/CoreStartup.php',
    'class' => 'Elf\\Routing\\CoreRouting',
  ),
  2 => 
  array (
    'line' => 73,
    'function' => 'doRouting',
    'file' => '/Users/zhangxiong/work/www/my/elf/elf/Elf/Startup/CoreStartup.php',
    'class' => 'Elf\\StartUp\\CoreStartUp',
  ),
  3 => 
  array (
    'line' => 56,
    'function' => 'exec',
    'file' => '/Users/zhangxiong/work/www/my/elf/elf/web/index_dev.php',
    'class' => 'Elf\\StartUp\\CoreStartUp',
  ),
)
-------------------------------------------------------

-------------------------------------------------------
time 		:20171209-23:53:53(1512834833)
file 		:/Users/zhangxiong/work/www/my/elf/elf/app/
request 	:controller\box/xxx/aaController\actionindex
content 	:
TYPE:exception 
ERROR:	Class app\controller\box/xxx/aaController does not exist
FILE: /Users/zhangxiong/work/www/my/elf/elf/Elf/Routing/CoreRouting.php
LINE: 27
TRACE:array (
  0 => 
  array (
    'line' => 27,
    'function' => '__construct',
    'file' => '/Users/zhangxiong/work/www/my/elf/elf/Elf/Routing/CoreRouting.php',
    'class' => 'ReflectionClass',
  ),
  1 => 
  array (
    'line' => 89,
    'function' => 'doRouting',
    'file' => '/Users/zhangxiong/work/www/my/elf/elf/Elf/Startup/CoreStartup.php',
    'class' => 'Elf\\Routing\\CoreRouting',
  ),
  2 => 
  array (
    'line' => 73,
    'function' => 'doRouting',
    'file' => '/Users/zhangxiong/work/www/my/elf/elf/Elf/Startup/CoreStartup.php',
    'class' => 'Elf\\StartUp\\CoreStartUp',
  ),
  3 => 
  array (
    'line' => 56,
    'function' => 'exec',
    'file' => '/Users/zhangxiong/work/www/my/elf/elf/web/index_dev.php',
    'class' => 'Elf\\StartUp\\CoreStartUp',
  ),
)
-------------------------------------------------------

-------------------------------------------------------
time 		:20171209-23:54:14(1512834854)
file 		:/Users/zhangxiong/work/www/my/elf/elf/app/
request 	:controller\nba/collectController\actionindex
content 	:
TYPE:exception 
ERROR:	Class app\controller\nba/collectController does not exist
FILE: /Users/zhangxiong/work/www/my/elf/elf/Elf/Routing/CoreRouting.php
LINE: 27
TRACE:array (
  0 => 
  array (
    'line' => 27,
    'function' => '__construct',
    'file' => '/Users/zhangxiong/work/www/my/elf/elf/Elf/Routing/CoreRouting.php',
    'class' => 'ReflectionClass',
  ),
  1 => 
  array (
    'line' => 89,
    'function' => 'doRouting',
    'file' => '/Users/zhangxiong/work/www/my/elf/elf/Elf/Startup/CoreStartup.php',
    'class' => 'Elf\\Routing\\CoreRouting',
  ),
  2 => 
  array (
    'line' => 73,
    'function' => 'doRouting',
    'file' => '/Users/zhangxiong/work/www/my/elf/elf/Elf/Startup/CoreStartup.php',
    'class' => 'Elf\\StartUp\\CoreStartUp',
  ),
  3 => 
  array (
    'line' => 56,
    'function' => 'exec',
    'file' => '/Users/zhangxiong/work/www/my/elf/elf/web/index_dev.php',
    'class' => 'Elf\\StartUp\\CoreStartUp',
  ),
)
-------------------------------------------------------

-------------------------------------------------------
time 		:20171209-23:54:21(1512834861)
file 		:/Users/zhangxiong/work/www/my/elf/elf/app/
request 	:controller\indexController\actionIndex
content 	:
TYPE:exception 
ERROR:	Class app\controller\indexController does not exist
FILE: /Users/zhangxiong/work/www/my/elf/elf/Elf/Routing/CoreRouting.php
LINE: 27
TRACE:array (
  0 => 
  array (
    'line' => 27,
    'function' => '__construct',
    'file' => '/Users/zhangxiong/work/www/my/elf/elf/Elf/Routing/CoreRouting.php',
    'class' => 'ReflectionClass',
  ),
  1 => 
  array (
    'line' => 89,
    'function' => 'doRouting',
    'file' => '/Users/zhangxiong/work/www/my/elf/elf/Elf/Startup/CoreStartup.php',
    'class' => 'Elf\\Routing\\CoreRouting',
  ),
  2 => 
  array (
    'line' => 73,
    'function' => 'doRouting',
    'file' => '/Users/zhangxiong/work/www/my/elf/elf/Elf/Startup/CoreStartup.php',
    'class' => 'Elf\\StartUp\\CoreStartUp',
  ),
  3 => 
  array (
    'line' => 56,
    'function' => 'exec',
    'file' => '/Users/zhangxiong/work/www/my/elf/elf/web/index_dev.php',
    'class' => 'Elf\\StartUp\\CoreStartUp',
  ),
)
-------------------------------------------------------

-------------------------------------------------------
time 		:20171209-23:55:39(1512834939)
file 		:/Users/zhangxiong/work/www/my/elf/elf/app/
request 	:controller\nba/collectController\actionindex
content 	:
TYPE:exception 
ERROR:	Class app\controller\nba/collectController does not exist
FILE: /Users/zhangxiong/work/www/my/elf/elf/Elf/Routing/CoreRouting.php
LINE: 27
TRACE:array (
  0 => 
  array (
    'line' => 27,
    'function' => '__construct',
    'file' => '/Users/zhangxiong/work/www/my/elf/elf/Elf/Routing/CoreRouting.php',
    'class' => 'ReflectionClass',
  ),
  1 => 
  array (
    'line' => 89,
    'function' => 'doRouting',
    'file' => '/Users/zhangxiong/work/www/my/elf/elf/Elf/Startup/CoreStartup.php',
    'class' => 'Elf\\Routing\\CoreRouting',
  ),
  2 => 
  array (
    'line' => 73,
    'function' => 'doRouting',
    'file' => '/Users/zhangxiong/work/www/my/elf/elf/Elf/Startup/CoreStartup.php',
    'class' => 'Elf\\StartUp\\CoreStartUp',
  ),
  3 => 
  array (
    'line' => 56,
    'function' => 'exec',
    'file' => '/Users/zhangxiong/work/www/my/elf/elf/web/index_dev.php',
    'class' => 'Elf\\StartUp\\CoreStartUp',
  ),
)
-------------------------------------------------------

-------------------------------------------------------
time 		:20171209-23:56:50(1512835010)
file 		:/Users/zhangxiong/work/www/my/elf/elf/app/
request 	:controller\nba/collectController\actionindex
content 	:
TYPE:exception 
ERROR:	Class app\controller\nba/collectController does not exist
FILE: /Users/zhangxiong/work/www/my/elf/elf/Elf/Routing/CoreRouting.php
LINE: 27
TRACE:array (
  0 => 
  array (
    'line' => 27,
    'function' => '__construct',
    'file' => '/Users/zhangxiong/work/www/my/elf/elf/Elf/Routing/CoreRouting.php',
    'class' => 'ReflectionClass',
  ),
  1 => 
  array (
    'line' => 89,
    'function' => 'doRouting',
    'file' => '/Users/zhangxiong/work/www/my/elf/elf/Elf/Startup/CoreStartup.php',
    'class' => 'Elf\\Routing\\CoreRouting',
  ),
  2 => 
  array (
    'line' => 73,
    'function' => 'doRouting',
    'file' => '/Users/zhangxiong/work/www/my/elf/elf/Elf/Startup/CoreStartup.php',
    'class' => 'Elf\\StartUp\\CoreStartUp',
  ),
  3 => 
  array (
    'line' => 56,
    'function' => 'exec',
    'file' => '/Users/zhangxiong/work/www/my/elf/elf/web/index_dev.php',
    'class' => 'Elf\\StartUp\\CoreStartUp',
  ),
)
-------------------------------------------------------

-------------------------------------------------------
time 		:20171209-23:58:12(1512835092)
file 		:/Users/zhangxiong/work/www/my/elf/elf/app/
request 	:controller\nba\collectController\actionindex
content 	:
TYPE:exception 
ERROR:	模板文件不存在：/Users/zhangxiong/work/www/my/elf/elf/app/view/collect/index.tpl
FILE: /Users/zhangxiong/work/www/my/elf/elf/Elf/View/SmartyView.php
LINE: 51
TRACE:array (
  0 => 
  array (
    'line' => 61,
    'function' => 'view',
    'file' => '/Users/zhangxiong/work/www/my/elf/elf/Elf/Controller/CoreController.php',
    'class' => 'Elf\\View\\SmartyView',
  ),
  1 => 
  array (
    'line' => 21,
    'function' => 'view',
    'file' => '/Users/zhangxiong/work/www/my/elf/elf/app/controller/nba/collectController.php',
    'class' => 'Elf\\Controller\\CoreController',
  ),
  2 => 
  array (
    'line' => '',
    'function' => 'actionindex',
    'file' => '',
    'class' => 'app\\controller\\nba\\CollectController',
  ),
  3 => 
  array (
    'line' => 60,
    'function' => 'call_user_func',
    'file' => '/Users/zhangxiong/work/www/my/elf/elf/Elf/Routing/CoreRouting.php',
    'class' => '',
  ),
  4 => 
  array (
    'line' => 89,
    'function' => 'doRouting',
    'file' => '/Users/zhangxiong/work/www/my/elf/elf/Elf/Startup/CoreStartup.php',
    'class' => 'Elf\\Routing\\CoreRouting',
  ),
  5 => 
  array (
    'line' => 73,
    'function' => 'doRouting',
    'file' => '/Users/zhangxiong/work/www/my/elf/elf/Elf/Startup/CoreStartup.php',
    'class' => 'Elf\\StartUp\\CoreStartUp',
  ),
  6 => 
  array (
    'line' => 56,
    'function' => 'exec',
    'file' => '/Users/zhangxiong/work/www/my/elf/elf/web/index_dev.php',
    'class' => 'Elf\\StartUp\\CoreStartUp',
  ),
)
-------------------------------------------------------

-------------------------------------------------------
time 		:20171209-23:59:06(1512835146)
file 		:/Users/zhangxiong/work/www/my/elf/elf/app/
request 	:controller\nba\collectController\actionindex
content 	:
TYPE:exception 
ERROR:	模板文件不存在：/Users/zhangxiong/work/www/my/elf/elf/app/view/collect/nba/index.tpl
FILE: /Users/zhangxiong/work/www/my/elf/elf/Elf/View/SmartyView.php
LINE: 51
TRACE:array (
  0 => 
  array (
    'line' => 61,
    'function' => 'view',
    'file' => '/Users/zhangxiong/work/www/my/elf/elf/Elf/Controller/CoreController.php',
    'class' => 'Elf\\View\\SmartyView',
  ),
  1 => 
  array (
    'line' => 21,
    'function' => 'view',
    'file' => '/Users/zhangxiong/work/www/my/elf/elf/app/controller/nba/collectController.php',
    'class' => 'Elf\\Controller\\CoreController',
  ),
  2 => 
  array (
    'line' => '',
    'function' => 'actionindex',
    'file' => '',
    'class' => 'app\\controller\\nba\\CollectController',
  ),
  3 => 
  array (
    'line' => 60,
    'function' => 'call_user_func',
    'file' => '/Users/zhangxiong/work/www/my/elf/elf/Elf/Routing/CoreRouting.php',
    'class' => '',
  ),
  4 => 
  array (
    'line' => 89,
    'function' => 'doRouting',
    'file' => '/Users/zhangxiong/work/www/my/elf/elf/Elf/Startup/CoreStartup.php',
    'class' => 'Elf\\Routing\\CoreRouting',
  ),
  5 => 
  array (
    'line' => 73,
    'function' => 'doRouting',
    'file' => '/Users/zhangxiong/work/www/my/elf/elf/Elf/Startup/CoreStartup.php',
    'class' => 'Elf\\StartUp\\CoreStartUp',
  ),
  6 => 
  array (
    'line' => 56,
    'function' => 'exec',
    'file' => '/Users/zhangxiong/work/www/my/elf/elf/web/index_dev.php',
    'class' => 'Elf\\StartUp\\CoreStartUp',
  ),
)
-------------------------------------------------------
