
-------------------------------------------------------
time 		:20171211-20:50:47(1512996647)
file 		:/Users/zhangxiong/work/www/my/elf/elf/app/
request 	:controller\nba\collectController\actionmatch
content 	:
TYPE:error 
ERROR:	explode() expects parameter 2 to be string, array given
FILE: /Users/zhangxiong/work/www/my/elf/elf/app/controller/nba/collectController.php
LINE: 69
-------------------------------------------------------

-------------------------------------------------------
time 		:20171211-20:50:50(1512996650)
file 		:/Users/zhangxiong/work/www/my/elf/elf/app/
request 	:controller\nba\collectController\actionmatch
content 	:
TYPE:error 
ERROR:	explode() expects parameter 2 to be string, array given
FILE: /Users/zhangxiong/work/www/my/elf/elf/app/controller/nba/collectController.php
LINE: 69
-------------------------------------------------------
