
-------------------------------------------------------
time 		:20171210-22:16:21(1512915381)
file 		:/Users/zhangxiong/work/www/my/elf/elf/app/
request 	:controller\nba\collectController\actionmatch
content 	:
TYPE:error 
ERROR:	preg_match_all(): Compilation failed: range out of order in character class at offset 18
FILE: /Users/zhangxiong/work/www/my/elf/elf/app/controller/nba/collectController.php
LINE: 80
-------------------------------------------------------

-------------------------------------------------------
time 		:20171210-22:16:41(1512915401)
file 		:/Users/zhangxiong/work/www/my/elf/elf/app/
request 	:controller\nba\collectController\actionmatch
content 	:
TYPE:error 
ERROR:	preg_match_all(): Compilation failed: invalid range in character class at offset 19
FILE: /Users/zhangxiong/work/www/my/elf/elf/app/controller/nba/collectController.php
LINE: 80
-------------------------------------------------------

-------------------------------------------------------
time 		:20171210-22:21:47(1512915707)
file 		:/Users/zhangxiong/work/www/my/elf/elf/app/
request 	:controller\nba\collectController\actionmatch
content 	:
TYPE:error 
ERROR:	preg_match_all(): Compilation failed: range out of order in character class at offset 18
FILE: /Users/zhangxiong/work/www/my/elf/elf/app/controller/nba/collectController.php
LINE: 80
-------------------------------------------------------

-------------------------------------------------------
time 		:20171210-22:21:51(1512915711)
file 		:/Users/zhangxiong/work/www/my/elf/elf/app/
request 	:controller\nba\collectController\actionmatch
content 	:
TYPE:error 
ERROR:	preg_match_all(): Compilation failed: range out of order in character class at offset 18
FILE: /Users/zhangxiong/work/www/my/elf/elf/app/controller/nba/collectController.php
LINE: 80
-------------------------------------------------------

-------------------------------------------------------
time 		:20171210-22:22:28(1512915748)
file 		:/Users/zhangxiong/work/www/my/elf/elf/app/
request 	:controller\nba\collectController\actionmatch
content 	:
TYPE:error 
ERROR:	preg_match_all(): Compilation failed: invalid range in character class at offset 19
FILE: /Users/zhangxiong/work/www/my/elf/elf/app/controller/nba/collectController.php
LINE: 80
-------------------------------------------------------

-------------------------------------------------------
time 		:20171210-22:25:15(1512915915)
file 		:/Users/zhangxiong/work/www/my/elf/elf/app/
request 	:controller\nba\collectController\actionmatch
content 	:
TYPE:error 
ERROR:	Undefined variable: arrayTime
FILE: /Users/zhangxiong/work/www/my/elf/elf/app/controller/nba/collectController.php
LINE: 80
-------------------------------------------------------

-------------------------------------------------------
time 		:20171210-22:39:42(1512916782)
file 		:/Users/zhangxiong/work/www/my/elf/elf/app/
request 	:controller\nba\collectController\actionmatch
content 	:
TYPE:exception 
ERROR:	SQLSTATE[01000]: Warning: 1265 Data truncated for column 'match_time' at row 1
FILE: /Users/zhangxiong/work/www/my/elf/elf/Elf/Db/Statement/PdoStatement.php
LINE: 54
TRACE:array (
  0 => 
  array (
    'line' => 54,
    'function' => 'execute',
    'file' => '/Users/zhangxiong/work/www/my/elf/elf/Elf/Db/Statement/PdoStatement.php',
    'class' => 'PDOStatement',
  ),
  1 => 
  array (
    'line' => 99,
    'function' => 'execute',
    'file' => '/Users/zhangxiong/work/www/my/elf/elf/Elf/Db/Driver/Mysql/MysqlPdo.php',
    'class' => 'Elf\\Db\\Statement\\PdoStatement',
  ),
  2 => 
  array (
    'line' => 114,
    'function' => 'execute',
    'file' => '/Users/zhangxiong/work/www/my/elf/elf/Elf/Db/SqlBuilder/BaseSql.php',
    'class' => 'Elf\\Db\\Driver\\Mysql\\MysqlPdo',
  ),
  3 => 
  array (
    'line' => 74,
    'function' => 'execute',
    'file' => '/Users/zhangxiong/work/www/my/elf/elf/Elf/Model/CoreModel.php',
    'class' => 'Elf\\Db\\SqlBuilder\\BaseSql',
  ),
  4 => 
  array (
    'line' => 149,
    'function' => 'save',
    'file' => '/Users/zhangxiong/work/www/my/elf/elf/app/controller/nba/collectController.php',
    'class' => 'Elf\\Model\\CoreModel',
  ),
  5 => 
  array (
    'line' => '',
    'function' => 'actionmatch',
    'file' => '',
    'class' => 'app\\controller\\nba\\CollectController',
  ),
  6 => 
  array (
    'line' => 60,
    'function' => 'call_user_func',
    'file' => '/Users/zhangxiong/work/www/my/elf/elf/Elf/Routing/CoreRouting.php',
    'class' => '',
  ),
  7 => 
  array (
    'line' => 89,
    'function' => 'doRouting',
    'file' => '/Users/zhangxiong/work/www/my/elf/elf/Elf/Startup/CoreStartup.php',
    'class' => 'Elf\\Routing\\CoreRouting',
  ),
  8 => 
  array (
    'line' => 73,
    'function' => 'doRouting',
    'file' => '/Users/zhangxiong/work/www/my/elf/elf/Elf/Startup/CoreStartup.php',
    'class' => 'Elf\\StartUp\\CoreStartUp',
  ),
  9 => 
  array (
    'line' => 56,
    'function' => 'exec',
    'file' => '/Users/zhangxiong/work/www/my/elf/elf/web/index_dev.php',
    'class' => 'Elf\\StartUp\\CoreStartUp',
  ),
)
-------------------------------------------------------

-------------------------------------------------------
time 		:20171210-22:46:04(1512917164)
file 		:/Users/zhangxiong/work/www/my/elf/elf/app/
request 	:controller\nba\collectController\actionmatch
content 	:
TYPE:exception 
ERROR:	SQLSTATE[23000]: Integrity constraint violation: 1062 Duplicate entry '孟菲斯灰熊' for key 'match_id'
FILE: /Users/zhangxiong/work/www/my/elf/elf/Elf/Db/Statement/PdoStatement.php
LINE: 54
TRACE:array (
  0 => 
  array (
    'line' => 54,
    'function' => 'execute',
    'file' => '/Users/zhangxiong/work/www/my/elf/elf/Elf/Db/Statement/PdoStatement.php',
    'class' => 'PDOStatement',
  ),
  1 => 
  array (
    'line' => 99,
    'function' => 'execute',
    'file' => '/Users/zhangxiong/work/www/my/elf/elf/Elf/Db/Driver/Mysql/MysqlPdo.php',
    'class' => 'Elf\\Db\\Statement\\PdoStatement',
  ),
  2 => 
  array (
    'line' => 114,
    'function' => 'execute',
    'file' => '/Users/zhangxiong/work/www/my/elf/elf/Elf/Db/SqlBuilder/BaseSql.php',
    'class' => 'Elf\\Db\\Driver\\Mysql\\MysqlPdo',
  ),
  3 => 
  array (
    'line' => 74,
    'function' => 'execute',
    'file' => '/Users/zhangxiong/work/www/my/elf/elf/Elf/Model/CoreModel.php',
    'class' => 'Elf\\Db\\SqlBuilder\\BaseSql',
  ),
  4 => 
  array (
    'line' => 154,
    'function' => 'save',
    'file' => '/Users/zhangxiong/work/www/my/elf/elf/app/controller/nba/collectController.php',
    'class' => 'Elf\\Model\\CoreModel',
  ),
  5 => 
  array (
    'line' => '',
    'function' => 'actionmatch',
    'file' => '',
    'class' => 'app\\controller\\nba\\CollectController',
  ),
  6 => 
  array (
    'line' => 60,
    'function' => 'call_user_func',
    'file' => '/Users/zhangxiong/work/www/my/elf/elf/Elf/Routing/CoreRouting.php',
    'class' => '',
  ),
  7 => 
  array (
    'line' => 89,
    'function' => 'doRouting',
    'file' => '/Users/zhangxiong/work/www/my/elf/elf/Elf/Startup/CoreStartup.php',
    'class' => 'Elf\\Routing\\CoreRouting',
  ),
  8 => 
  array (
    'line' => 73,
    'function' => 'doRouting',
    'file' => '/Users/zhangxiong/work/www/my/elf/elf/Elf/Startup/CoreStartup.php',
    'class' => 'Elf\\StartUp\\CoreStartUp',
  ),
  9 => 
  array (
    'line' => 56,
    'function' => 'exec',
    'file' => '/Users/zhangxiong/work/www/my/elf/elf/web/index_dev.php',
    'class' => 'Elf\\StartUp\\CoreStartUp',
  ),
)
-------------------------------------------------------

-------------------------------------------------------
time 		:20171210-22:46:43(1512917203)
file 		:/Users/zhangxiong/work/www/my/elf/elf/app/
request 	:controller\nba\collectController\actionmatch
content 	:
TYPE:exception 
ERROR:	SQLSTATE[23000]: Integrity constraint violation: 1062 Duplicate entry '孟菲斯灰熊' for key 'match_id'
FILE: /Users/zhangxiong/work/www/my/elf/elf/Elf/Db/Statement/PdoStatement.php
LINE: 54
TRACE:array (
  0 => 
  array (
    'line' => 54,
    'function' => 'execute',
    'file' => '/Users/zhangxiong/work/www/my/elf/elf/Elf/Db/Statement/PdoStatement.php',
    'class' => 'PDOStatement',
  ),
  1 => 
  array (
    'line' => 99,
    'function' => 'execute',
    'file' => '/Users/zhangxiong/work/www/my/elf/elf/Elf/Db/Driver/Mysql/MysqlPdo.php',
    'class' => 'Elf\\Db\\Statement\\PdoStatement',
  ),
  2 => 
  array (
    'line' => 114,
    'function' => 'execute',
    'file' => '/Users/zhangxiong/work/www/my/elf/elf/Elf/Db/SqlBuilder/BaseSql.php',
    'class' => 'Elf\\Db\\Driver\\Mysql\\MysqlPdo',
  ),
  3 => 
  array (
    'line' => 74,
    'function' => 'execute',
    'file' => '/Users/zhangxiong/work/www/my/elf/elf/Elf/Model/CoreModel.php',
    'class' => 'Elf\\Db\\SqlBuilder\\BaseSql',
  ),
  4 => 
  array (
    'line' => 154,
    'function' => 'save',
    'file' => '/Users/zhangxiong/work/www/my/elf/elf/app/controller/nba/collectController.php',
    'class' => 'Elf\\Model\\CoreModel',
  ),
  5 => 
  array (
    'line' => '',
    'function' => 'actionmatch',
    'file' => '',
    'class' => 'app\\controller\\nba\\CollectController',
  ),
  6 => 
  array (
    'line' => 60,
    'function' => 'call_user_func',
    'file' => '/Users/zhangxiong/work/www/my/elf/elf/Elf/Routing/CoreRouting.php',
    'class' => '',
  ),
  7 => 
  array (
    'line' => 89,
    'function' => 'doRouting',
    'file' => '/Users/zhangxiong/work/www/my/elf/elf/Elf/Startup/CoreStartup.php',
    'class' => 'Elf\\Routing\\CoreRouting',
  ),
  8 => 
  array (
    'line' => 73,
    'function' => 'doRouting',
    'file' => '/Users/zhangxiong/work/www/my/elf/elf/Elf/Startup/CoreStartup.php',
    'class' => 'Elf\\StartUp\\CoreStartUp',
  ),
  9 => 
  array (
    'line' => 56,
    'function' => 'exec',
    'file' => '/Users/zhangxiong/work/www/my/elf/elf/web/index_dev.php',
    'class' => 'Elf\\StartUp\\CoreStartUp',
  ),
)
-------------------------------------------------------

-------------------------------------------------------
time 		:20171210-22:47:07(1512917227)
file 		:/Users/zhangxiong/work/www/my/elf/elf/app/
request 	:controller\nba\collectController\actionmatch
content 	:
TYPE:exception 
ERROR:	SQLSTATE[23000]: Integrity constraint violation: 1062 Duplicate entry '孟菲斯灰熊' for key 'match_id'
FILE: /Users/zhangxiong/work/www/my/elf/elf/Elf/Db/Statement/PdoStatement.php
LINE: 54
TRACE:array (
  0 => 
  array (
    'line' => 54,
    'function' => 'execute',
    'file' => '/Users/zhangxiong/work/www/my/elf/elf/Elf/Db/Statement/PdoStatement.php',
    'class' => 'PDOStatement',
  ),
  1 => 
  array (
    'line' => 99,
    'function' => 'execute',
    'file' => '/Users/zhangxiong/work/www/my/elf/elf/Elf/Db/Driver/Mysql/MysqlPdo.php',
    'class' => 'Elf\\Db\\Statement\\PdoStatement',
  ),
  2 => 
  array (
    'line' => 114,
    'function' => 'execute',
    'file' => '/Users/zhangxiong/work/www/my/elf/elf/Elf/Db/SqlBuilder/BaseSql.php',
    'class' => 'Elf\\Db\\Driver\\Mysql\\MysqlPdo',
  ),
  3 => 
  array (
    'line' => 74,
    'function' => 'execute',
    'file' => '/Users/zhangxiong/work/www/my/elf/elf/Elf/Model/CoreModel.php',
    'class' => 'Elf\\Db\\SqlBuilder\\BaseSql',
  ),
  4 => 
  array (
    'line' => 154,
    'function' => 'save',
    'file' => '/Users/zhangxiong/work/www/my/elf/elf/app/controller/nba/collectController.php',
    'class' => 'Elf\\Model\\CoreModel',
  ),
  5 => 
  array (
    'line' => '',
    'function' => 'actionmatch',
    'file' => '',
    'class' => 'app\\controller\\nba\\CollectController',
  ),
  6 => 
  array (
    'line' => 60,
    'function' => 'call_user_func',
    'file' => '/Users/zhangxiong/work/www/my/elf/elf/Elf/Routing/CoreRouting.php',
    'class' => '',
  ),
  7 => 
  array (
    'line' => 89,
    'function' => 'doRouting',
    'file' => '/Users/zhangxiong/work/www/my/elf/elf/Elf/Startup/CoreStartup.php',
    'class' => 'Elf\\Routing\\CoreRouting',
  ),
  8 => 
  array (
    'line' => 73,
    'function' => 'doRouting',
    'file' => '/Users/zhangxiong/work/www/my/elf/elf/Elf/Startup/CoreStartup.php',
    'class' => 'Elf\\StartUp\\CoreStartUp',
  ),
  9 => 
  array (
    'line' => 56,
    'function' => 'exec',
    'file' => '/Users/zhangxiong/work/www/my/elf/elf/web/index_dev.php',
    'class' => 'Elf\\StartUp\\CoreStartUp',
  ),
)
-------------------------------------------------------

-------------------------------------------------------
time 		:20171210-22:58:22(1512917902)
file 		:/Users/zhangxiong/work/www/my/elf/elf/app/
request 	:controller\nba\collectController\actionmatch
content 	:
TYPE:error 
ERROR:	require(/Users/zhangxiong/work/www/my/elf/elf/Elf/Lib/File/Curl.php): failed to open stream: No such file or directory
FILE: /Users/zhangxiong/work/www/my/elf/elf/Elf/Autoload/CoreAutoload.php
LINE: 32
-------------------------------------------------------

-------------------------------------------------------
time 		:20171210-22:58:48(1512917928)
file 		:/Users/zhangxiong/work/www/my/elf/elf/app/
request 	:controller\nba\collectController\actionmatch
content 	:
TYPE:error 
ERROR:	Class 'Elf\Lib\Curl' not found
FILE: /Users/zhangxiong/work/www/my/elf/elf/app/controller/nba/collectController.php
LINE: 55
-------------------------------------------------------
