
-------------------------------------------------------
time 		:20171210-23:13:25(1512918805)
file 		:/Users/zhangxiong/work/www/my/elf/elf/app/
request 	:controller\imagesController\actionTechImage
content 	:
TYPE:exception 
ERROR:	Class app\controller\imagesController does not exist
FILE: /Users/zhangxiong/work/www/my/elf/elf/Elf/Routing/CoreRouting.php
LINE: 27
TRACE:array (
  0 => 
  array (
    'line' => 27,
    'function' => '__construct',
    'file' => '/Users/zhangxiong/work/www/my/elf/elf/Elf/Routing/CoreRouting.php',
    'class' => 'ReflectionClass',
  ),
  1 => 
  array (
    'line' => 89,
    'function' => 'doRouting',
    'file' => '/Users/zhangxiong/work/www/my/elf/elf/Elf/Startup/CoreStartup.php',
    'class' => 'Elf\\Routing\\CoreRouting',
  ),
  2 => 
  array (
    'line' => 73,
    'function' => 'doRouting',
    'file' => '/Users/zhangxiong/work/www/my/elf/elf/Elf/Startup/CoreStartup.php',
    'class' => 'Elf\\StartUp\\CoreStartUp',
  ),
  3 => 
  array (
    'line' => 56,
    'function' => 'exec',
    'file' => '/Users/zhangxiong/work/www/my/elf/elf/web/index_dev.php',
    'class' => 'Elf\\StartUp\\CoreStartUp',
  ),
)
-------------------------------------------------------
